<?xml version="1.0" encoding="UTF-8"?>
<testng-results total="149" passed="105" failed="44" skipped="0">
  <reporter-output>
  </reporter-output>
  <suite started-at="2022-04-06T11:01:35Z" name="Suite" finished-at="2022-04-06T12:04:56Z" duration-ms="3801074">
    <groups>
    </groups>
    <test started-at="2022-04-06T11:01:35Z" name="Test" finished-at="2022-04-06T12:04:56Z" duration-ms="3801074">
      <class name="City_GIS_Map.City_GIS">
        <test-method is-config="true" signature="openBrowser(org.testng.ITestContext)[pri:0, instance:City_GIS_Map.City_GIS@5b67bb7e]" started-at="2022-04-06T16:31:35Z" name="openBrowser" finished-at="2022-04-06T16:31:41Z" duration-ms="6240" status="PASS">
          <params>
            <param index="0">
              <value>
                <![CDATA[org.testng.TestRunner@79611e12]]>
              </value>
            </param>
          </params>
          <reporter-output>
          </reporter-output>
        </test-method> <!-- openBrowser -->
        <test-method signature="SGL_Ranchi_CITYGIS_1()[pri:0, instance:City_GIS_Map.City_GIS@5b67bb7e]" started-at="2022-04-06T16:31:41Z" name="SGL_Ranchi_CITYGIS_1" description="To verify that user is able to redirect on City GIS page." finished-at="2022-04-06T16:31:48Z" duration-ms="6463" status="PASS">
          <reporter-output>
          </reporter-output>
        </test-method> <!-- SGL_Ranchi_CITYGIS_1 -->
        <test-method is-config="true" signature="afterClass()[pri:0, instance:City_GIS_Map.City_GIS@5b67bb7e]" started-at="2022-04-06T16:31:48Z" name="afterClass" finished-at="2022-04-06T16:31:49Z" duration-ms="720" status="PASS">
          <reporter-output>
          </reporter-output>
        </test-method> <!-- afterClass -->
        <test-method is-config="true" signature="openBrowser(org.testng.ITestContext)[pri:0, instance:City_GIS_Map.City_GIS@5b67bb7e]" started-at="2022-04-06T16:31:49Z" name="openBrowser" finished-at="2022-04-06T16:31:51Z" duration-ms="2014" status="PASS">
          <params>
            <param index="0">
              <value>
                <![CDATA[org.testng.TestRunner@79611e12]]>
              </value>
            </param>
          </params>
          <reporter-output>
          </reporter-output>
        </test-method> <!-- openBrowser -->
        <test-method signature="SGL_Ranchi_CITYGIS_02()[pri:0, instance:City_GIS_Map.City_GIS@5b67bb7e]" started-at="2022-04-06T16:31:51Z" name="SGL_Ranchi_CITYGIS_02" description="To verify that user is able to redirect on &quot;Home&quot; Page of the &quot;Ranchi&quot; application while clicking on &quot;Ranchi&quot; logo." finished-at="2022-04-06T16:31:57Z" duration-ms="6208" status="PASS">
          <reporter-output>
          </reporter-output>
        </test-method> <!-- SGL_Ranchi_CITYGIS_02 -->
        <test-method is-config="true" signature="afterClass()[pri:0, instance:City_GIS_Map.City_GIS@5b67bb7e]" started-at="2022-04-06T16:31:58Z" name="afterClass" finished-at="2022-04-06T16:31:58Z" duration-ms="702" status="PASS">
          <reporter-output>
          </reporter-output>
        </test-method> <!-- afterClass -->
        <test-method is-config="true" signature="openBrowser(org.testng.ITestContext)[pri:0, instance:City_GIS_Map.City_GIS@5b67bb7e]" started-at="2022-04-06T16:31:58Z" name="openBrowser" finished-at="2022-04-06T16:32:00Z" duration-ms="1840" status="PASS">
          <params>
            <param index="0">
              <value>
                <![CDATA[org.testng.TestRunner@79611e12]]>
              </value>
            </param>
          </params>
          <reporter-output>
          </reporter-output>
        </test-method> <!-- openBrowser -->
        <test-method signature="SGL_Ranchi_CITYGIS_03(java.lang.reflect.Method)[pri:0, instance:City_GIS_Map.City_GIS@5b67bb7e]" started-at="2022-04-06T16:32:00Z" name="SGL_Ranchi_CITYGIS_03" description="To verify that user is able to change language of &quot;CITY GIS&quot; page." finished-at="2022-04-06T16:32:10Z" duration-ms="9342" status="PASS">
          <params>
            <param index="0">
              <value>
                <![CDATA[public void City_GIS_Map.City_GIS.SGL_Ranchi_CITYGIS_03(java.lang.reflect.Method) throws java.lang.InterruptedException]]>
              </value>
            </param>
          </params>
          <reporter-output>
          </reporter-output>
        </test-method> <!-- SGL_Ranchi_CITYGIS_03 -->
        <test-method is-config="true" signature="afterClass()[pri:0, instance:City_GIS_Map.City_GIS@5b67bb7e]" started-at="2022-04-06T16:32:10Z" name="afterClass" finished-at="2022-04-06T16:32:11Z" duration-ms="751" status="PASS">
          <reporter-output>
          </reporter-output>
        </test-method> <!-- afterClass -->
        <test-method is-config="true" signature="openBrowser(org.testng.ITestContext)[pri:0, instance:City_GIS_Map.City_GIS@5b67bb7e]" started-at="2022-04-06T16:32:11Z" name="openBrowser" finished-at="2022-04-06T16:32:12Z" duration-ms="1774" status="PASS">
          <params>
            <param index="0">
              <value>
                <![CDATA[org.testng.TestRunner@79611e12]]>
              </value>
            </param>
          </params>
          <reporter-output>
          </reporter-output>
        </test-method> <!-- openBrowser -->
        <test-method signature="SGL_Ranchi_CITYGIS_04(java.lang.reflect.Method)[pri:0, instance:City_GIS_Map.City_GIS@5b67bb7e]" started-at="2022-04-06T16:32:12Z" name="SGL_Ranchi_CITYGIS_04" description="To verify that user is able to perform collapse/expand functionality of &quot;Layers&quot; panel." finished-at="2022-04-06T16:32:20Z" duration-ms="7984" status="PASS">
          <params>
            <param index="0">
              <value>
                <![CDATA[public void City_GIS_Map.City_GIS.SGL_Ranchi_CITYGIS_04(java.lang.reflect.Method) throws java.lang.InterruptedException]]>
              </value>
            </param>
          </params>
          <reporter-output>
          </reporter-output>
        </test-method> <!-- SGL_Ranchi_CITYGIS_04 -->
        <test-method is-config="true" signature="afterClass()[pri:0, instance:City_GIS_Map.City_GIS@5b67bb7e]" started-at="2022-04-06T16:32:21Z" name="afterClass" finished-at="2022-04-06T16:32:21Z" duration-ms="837" status="PASS">
          <reporter-output>
          </reporter-output>
        </test-method> <!-- afterClass -->
        <test-method is-config="true" signature="openBrowser(org.testng.ITestContext)[pri:0, instance:City_GIS_Map.City_GIS@5b67bb7e]" started-at="2022-04-06T16:32:21Z" name="openBrowser" finished-at="2022-04-06T16:32:23Z" duration-ms="1687" status="PASS">
          <params>
            <param index="0">
              <value>
                <![CDATA[org.testng.TestRunner@79611e12]]>
              </value>
            </param>
          </params>
          <reporter-output>
          </reporter-output>
        </test-method> <!-- openBrowser -->
        <test-method signature="SGL_Ranchi_CITYGIS_05()[pri:0, instance:City_GIS_Map.City_GIS@5b67bb7e]" started-at="2022-04-06T16:32:23Z" name="SGL_Ranchi_CITYGIS_05" description="To verify that user is able to &quot;Search&quot; particular layer from the list of layers." finished-at="2022-04-06T16:32:27Z" duration-ms="3787" status="PASS">
          <reporter-output>
          </reporter-output>
        </test-method> <!-- SGL_Ranchi_CITYGIS_05 -->
        <test-method is-config="true" signature="afterClass()[pri:0, instance:City_GIS_Map.City_GIS@5b67bb7e]" started-at="2022-04-06T16:32:27Z" name="afterClass" finished-at="2022-04-06T16:32:28Z" duration-ms="742" status="PASS">
          <reporter-output>
          </reporter-output>
        </test-method> <!-- afterClass -->
        <test-method is-config="true" signature="openBrowser(org.testng.ITestContext)[pri:0, instance:City_GIS_Map.City_GIS@5b67bb7e]" started-at="2022-04-06T16:32:28Z" name="openBrowser" finished-at="2022-04-06T16:32:30Z" duration-ms="1681" status="PASS">
          <params>
            <param index="0">
              <value>
                <![CDATA[org.testng.TestRunner@79611e12]]>
              </value>
            </param>
          </params>
          <reporter-output>
          </reporter-output>
        </test-method> <!-- openBrowser -->
        <test-method signature="SGL_Ranchi_CITYGIS_06()[pri:0, instance:City_GIS_Map.City_GIS@5b67bb7e]" started-at="2022-04-06T16:32:30Z" name="SGL_Ranchi_CITYGIS_06" description="To verify that user is able to perform &quot;All Layers Off&quot; functionality ." finished-at="2022-04-06T16:32:33Z" duration-ms="3817" status="PASS">
          <reporter-output>
          </reporter-output>
        </test-method> <!-- SGL_Ranchi_CITYGIS_06 -->
        <test-method is-config="true" signature="afterClass()[pri:0, instance:City_GIS_Map.City_GIS@5b67bb7e]" started-at="2022-04-06T16:32:34Z" name="afterClass" finished-at="2022-04-06T16:32:34Z" duration-ms="745" status="PASS">
          <reporter-output>
          </reporter-output>
        </test-method> <!-- afterClass -->
        <test-method is-config="true" signature="openBrowser(org.testng.ITestContext)[pri:0, instance:City_GIS_Map.City_GIS@5b67bb7e]" started-at="2022-04-06T16:32:34Z" name="openBrowser" finished-at="2022-04-06T16:32:36Z" duration-ms="1712" status="PASS">
          <params>
            <param index="0">
              <value>
                <![CDATA[org.testng.TestRunner@79611e12]]>
              </value>
            </param>
          </params>
          <reporter-output>
          </reporter-output>
        </test-method> <!-- openBrowser -->
        <test-method signature="SGL_Ranchi_CITYGIS_07()[pri:0, instance:City_GIS_Map.City_GIS@5b67bb7e]" started-at="2022-04-06T16:32:36Z" name="SGL_Ranchi_CITYGIS_07" description="To verify that user is able to get &quot;Legend&quot; for the selected layers." finished-at="2022-04-06T16:32:41Z" duration-ms="4977" status="PASS">
          <reporter-output>
          </reporter-output>
        </test-method> <!-- SGL_Ranchi_CITYGIS_07 -->
        <test-method is-config="true" signature="afterClass()[pri:0, instance:City_GIS_Map.City_GIS@5b67bb7e]" started-at="2022-04-06T16:32:41Z" name="afterClass" finished-at="2022-04-06T16:32:42Z" duration-ms="726" status="PASS">
          <reporter-output>
          </reporter-output>
        </test-method> <!-- afterClass -->
        <test-method is-config="true" signature="openBrowser(org.testng.ITestContext)[pri:0, instance:City_GIS_Map.City_GIS@5b67bb7e]" started-at="2022-04-06T16:32:42Z" name="openBrowser" finished-at="2022-04-06T16:32:44Z" duration-ms="1676" status="PASS">
          <params>
            <param index="0">
              <value>
                <![CDATA[org.testng.TestRunner@79611e12]]>
              </value>
            </param>
          </params>
          <reporter-output>
          </reporter-output>
        </test-method> <!-- openBrowser -->
        <test-method signature="SGL_Ranchi_CITYGIS_08(java.lang.reflect.Method)[pri:0, instance:City_GIS_Map.City_GIS@5b67bb7e]" started-at="2022-04-06T16:32:44Z" name="SGL_Ranchi_CITYGIS_08" description="To verify that user is able perform expand/collapse functionality for &quot;Legend&quot; dialog." finished-at="2022-04-06T16:32:53Z" duration-ms="9254" status="PASS">
          <params>
            <param index="0">
              <value>
                <![CDATA[public void City_GIS_Map.City_GIS.SGL_Ranchi_CITYGIS_08(java.lang.reflect.Method) throws java.lang.InterruptedException]]>
              </value>
            </param>
          </params>
          <reporter-output>
          </reporter-output>
        </test-method> <!-- SGL_Ranchi_CITYGIS_08 -->
        <test-method is-config="true" signature="afterClass()[pri:0, instance:City_GIS_Map.City_GIS@5b67bb7e]" started-at="2022-04-06T16:32:53Z" name="afterClass" finished-at="2022-04-06T16:32:54Z" duration-ms="729" status="PASS">
          <reporter-output>
          </reporter-output>
        </test-method> <!-- afterClass -->
        <test-method is-config="true" signature="openBrowser(org.testng.ITestContext)[pri:0, instance:City_GIS_Map.City_GIS@5b67bb7e]" started-at="2022-04-06T16:32:54Z" name="openBrowser" finished-at="2022-04-06T16:32:56Z" duration-ms="1753" status="PASS">
          <params>
            <param index="0">
              <value>
                <![CDATA[org.testng.TestRunner@79611e12]]>
              </value>
            </param>
          </params>
          <reporter-output>
          </reporter-output>
        </test-method> <!-- openBrowser -->
        <test-method signature="SGL_Ranchi_CITYGIS_09()[pri:0, instance:City_GIS_Map.City_GIS@5b67bb7e]" started-at="2022-04-06T16:32:56Z" name="SGL_Ranchi_CITYGIS_09" description="To verify that user is able perform close functionality for &quot;Legend&quot; dialog." finished-at="2022-04-06T16:33:03Z" duration-ms="7067" status="PASS">
          <reporter-output>
          </reporter-output>
        </test-method> <!-- SGL_Ranchi_CITYGIS_09 -->
        <test-method is-config="true" signature="afterClass()[pri:0, instance:City_GIS_Map.City_GIS@5b67bb7e]" started-at="2022-04-06T16:33:03Z" name="afterClass" finished-at="2022-04-06T16:33:04Z" duration-ms="740" status="PASS">
          <reporter-output>
          </reporter-output>
        </test-method> <!-- afterClass -->
        <test-method is-config="true" signature="openBrowser(org.testng.ITestContext)[pri:0, instance:City_GIS_Map.City_GIS@5b67bb7e]" started-at="2022-04-06T16:33:04Z" name="openBrowser" finished-at="2022-04-06T16:33:05Z" duration-ms="1726" status="PASS">
          <params>
            <param index="0">
              <value>
                <![CDATA[org.testng.TestRunner@79611e12]]>
              </value>
            </param>
          </params>
          <reporter-output>
          </reporter-output>
        </test-method> <!-- openBrowser -->
        <test-method signature="SGL_Ranchi_CITYGIS_10()[pri:0, instance:City_GIS_Map.City_GIS@5b67bb7e]" started-at="2022-04-06T16:33:05Z" name="SGL_Ranchi_CITYGIS_10" description="To verify that user is able to perform &quot;Reset&quot; functionality." finished-at="2022-04-06T16:33:12Z" duration-ms="7003" status="PASS">
          <reporter-output>
          </reporter-output>
        </test-method> <!-- SGL_Ranchi_CITYGIS_10 -->
        <test-method is-config="true" signature="afterClass()[pri:0, instance:City_GIS_Map.City_GIS@5b67bb7e]" started-at="2022-04-06T16:33:13Z" name="afterClass" finished-at="2022-04-06T16:33:13Z" duration-ms="737" status="PASS">
          <reporter-output>
          </reporter-output>
        </test-method> <!-- afterClass -->
        <test-method is-config="true" signature="openBrowser(org.testng.ITestContext)[pri:0, instance:City_GIS_Map.City_GIS@5b67bb7e]" started-at="2022-04-06T16:33:13Z" name="openBrowser" finished-at="2022-04-06T16:33:15Z" duration-ms="1680" status="PASS">
          <params>
            <param index="0">
              <value>
                <![CDATA[org.testng.TestRunner@79611e12]]>
              </value>
            </param>
          </params>
          <reporter-output>
          </reporter-output>
        </test-method> <!-- openBrowser -->
        <test-method signature="SGL_Ranchi_CITYGIS_11(java.lang.reflect.Method)[pri:0, instance:City_GIS_Map.City_GIS@5b67bb7e]" started-at="2022-04-06T16:33:15Z" name="SGL_Ranchi_CITYGIS_11" description="To verify that user is able to perform expand/collapse functionality of particular layer group." finished-at="2022-04-06T16:33:53Z" duration-ms="37852" status="PASS">
          <params>
            <param index="0">
              <value>
                <![CDATA[public void City_GIS_Map.City_GIS.SGL_Ranchi_CITYGIS_11(java.lang.reflect.Method) throws java.lang.InterruptedException]]>
              </value>
            </param>
          </params>
          <reporter-output>
          </reporter-output>
        </test-method> <!-- SGL_Ranchi_CITYGIS_11 -->
        <test-method is-config="true" signature="afterClass()[pri:0, instance:City_GIS_Map.City_GIS@5b67bb7e]" started-at="2022-04-06T16:33:53Z" name="afterClass" finished-at="2022-04-06T16:33:54Z" duration-ms="742" status="PASS">
          <reporter-output>
          </reporter-output>
        </test-method> <!-- afterClass -->
        <test-method is-config="true" signature="openBrowser(org.testng.ITestContext)[pri:0, instance:City_GIS_Map.City_GIS@5b67bb7e]" started-at="2022-04-06T16:33:54Z" name="openBrowser" finished-at="2022-04-06T16:33:56Z" duration-ms="1748" status="PASS">
          <params>
            <param index="0">
              <value>
                <![CDATA[org.testng.TestRunner@79611e12]]>
              </value>
            </param>
          </params>
          <reporter-output>
          </reporter-output>
        </test-method> <!-- openBrowser -->
        <test-method signature="SGL_Ranchi_CITYGIS_12(java.lang.reflect.Method)[pri:0, instance:City_GIS_Map.City_GIS@5b67bb7e]" started-at="2022-04-06T16:33:56Z" name="SGL_Ranchi_CITYGIS_12" description="To verify that user is able to perform expand/collapse functionality of particular layer group." finished-at="2022-04-06T16:34:34Z" duration-ms="38143" status="PASS">
          <params>
            <param index="0">
              <value>
                <![CDATA[public void City_GIS_Map.City_GIS.SGL_Ranchi_CITYGIS_12(java.lang.reflect.Method) throws java.lang.InterruptedException]]>
              </value>
            </param>
          </params>
          <reporter-output>
          </reporter-output>
        </test-method> <!-- SGL_Ranchi_CITYGIS_12 -->
        <test-method is-config="true" signature="afterClass()[pri:0, instance:City_GIS_Map.City_GIS@5b67bb7e]" started-at="2022-04-06T16:34:34Z" name="afterClass" finished-at="2022-04-06T16:34:35Z" duration-ms="727" status="PASS">
          <reporter-output>
          </reporter-output>
        </test-method> <!-- afterClass -->
        <test-method is-config="true" signature="openBrowser(org.testng.ITestContext)[pri:0, instance:City_GIS_Map.City_GIS@5b67bb7e]" started-at="2022-04-06T16:34:35Z" name="openBrowser" finished-at="2022-04-06T16:34:36Z" duration-ms="1740" status="PASS">
          <params>
            <param index="0">
              <value>
                <![CDATA[org.testng.TestRunner@79611e12]]>
              </value>
            </param>
          </params>
          <reporter-output>
          </reporter-output>
        </test-method> <!-- openBrowser -->
        <test-method signature="SGL_Ranchi_CITYGIS_13(java.lang.reflect.Method)[pri:0, instance:City_GIS_Map.City_GIS@5b67bb7e]" started-at="2022-04-06T16:34:36Z" name="SGL_Ranchi_CITYGIS_13" description="To verify that user is able to &quot;Select All&quot; sub layers for particular layer group." finished-at="2022-04-06T16:38:05Z" duration-ms="208732" status="PASS">
          <params>
            <param index="0">
              <value>
                <![CDATA[public void City_GIS_Map.City_GIS.SGL_Ranchi_CITYGIS_13(java.lang.reflect.Method) throws java.lang.InterruptedException]]>
              </value>
            </param>
          </params>
          <reporter-output>
          </reporter-output>
        </test-method> <!-- SGL_Ranchi_CITYGIS_13 -->
        <test-method is-config="true" signature="afterClass()[pri:0, instance:City_GIS_Map.City_GIS@5b67bb7e]" started-at="2022-04-06T16:38:05Z" name="afterClass" finished-at="2022-04-06T16:38:06Z" duration-ms="774" status="PASS">
          <reporter-output>
          </reporter-output>
        </test-method> <!-- afterClass -->
        <test-method is-config="true" signature="openBrowser(org.testng.ITestContext)[pri:0, instance:City_GIS_Map.City_GIS@5b67bb7e]" started-at="2022-04-06T16:38:06Z" name="openBrowser" finished-at="2022-04-06T16:38:08Z" duration-ms="2185" status="PASS">
          <params>
            <param index="0">
              <value>
                <![CDATA[org.testng.TestRunner@79611e12]]>
              </value>
            </param>
          </params>
          <reporter-output>
          </reporter-output>
        </test-method> <!-- openBrowser -->
        <test-method signature="SGL_Ranchi_CITYGIS_14(java.lang.reflect.Method)[pri:0, instance:City_GIS_Map.City_GIS@5b67bb7e]" started-at="2022-04-06T16:38:08Z" name="SGL_Ranchi_CITYGIS_14" description="To verify that user is able to &quot;Deselect All&quot; sub layers for particular layer group.." finished-at="2022-04-06T16:41:45Z" duration-ms="217123" status="PASS">
          <params>
            <param index="0">
              <value>
                <![CDATA[public void City_GIS_Map.City_GIS.SGL_Ranchi_CITYGIS_14(java.lang.reflect.Method) throws java.lang.InterruptedException]]>
              </value>
            </param>
          </params>
          <reporter-output>
          </reporter-output>
        </test-method> <!-- SGL_Ranchi_CITYGIS_14 -->
        <test-method is-config="true" signature="afterClass()[pri:0, instance:City_GIS_Map.City_GIS@5b67bb7e]" started-at="2022-04-06T16:41:46Z" name="afterClass" finished-at="2022-04-06T16:41:46Z" duration-ms="748" status="PASS">
          <reporter-output>
          </reporter-output>
        </test-method> <!-- afterClass -->
        <test-method is-config="true" signature="openBrowser(org.testng.ITestContext)[pri:0, instance:City_GIS_Map.City_GIS@5b67bb7e]" started-at="2022-04-06T16:41:46Z" name="openBrowser" finished-at="2022-04-06T16:41:48Z" duration-ms="2032" status="PASS">
          <params>
            <param index="0">
              <value>
                <![CDATA[org.testng.TestRunner@79611e12]]>
              </value>
            </param>
          </params>
          <reporter-output>
          </reporter-output>
        </test-method> <!-- openBrowser -->
        <test-method signature="SGL_Ranchi_CITYGIS_15(java.lang.reflect.Method)[pri:0, instance:City_GIS_Map.City_GIS@5b67bb7e]" started-at="2022-04-06T16:41:48Z" name="SGL_Ranchi_CITYGIS_15" description="To verify that user is able to &quot;Select&quot; particular sub-layer for particular layer group." finished-at="2022-04-06T16:42:44Z" duration-ms="55470" status="FAIL">
          <params>
            <param index="0">
              <value>
                <![CDATA[public void City_GIS_Map.City_GIS.SGL_Ranchi_CITYGIS_15(java.lang.reflect.Method) throws java.lang.InterruptedException]]>
              </value>
            </param>
          </params>
          <exception class="org.openqa.selenium.ElementNotInteractableException">
            <message>
              <![CDATA[element not interactable
  (Session info: chrome=99.0.4844.84)
Build info: version: '3.141.59', revision: 'e82be7d358', time: '2018-11-14T08:17:03'
System info: host: 'QUASPC1210', ip: '192.168.1.210', os.name: 'Windows 10', os.arch: 'amd64', os.version: '10.0', java.version: '11.0.12'
Driver info: org.openqa.selenium.chrome.ChromeDriver
Capabilities {acceptInsecureCerts: false, browserName: chrome, browserVersion: 99.0.4844.84, chrome: {chromedriverVersion: 99.0.4844.51 (d537ec02474b5..., userDataDir: C:\Users\meet.g\AppData\Loc...}, goog:chromeOptions: {debuggerAddress: localhost:58517}, javascriptEnabled: true, networkConnectionEnabled: false, pageLoadStrategy: normal, platform: WINDOWS, platformName: WINDOWS, proxy: Proxy(), setWindowRect: true, strictFileInteractability: false, timeouts: {implicit: 0, pageLoad: 300000, script: 30000}, unhandledPromptBehavior: dismiss and notify, webauthn:extension:credBlob: true, webauthn:extension:largeBlob: true, webauthn:virtualAuthenticators: true}
Session ID: 474ba115324c79130722d827aaafda96]]>
            </message>
            <full-stacktrace>
              <![CDATA[org.openqa.selenium.ElementNotInteractableException: element not interactable
  (Session info: chrome=99.0.4844.84)
Build info: version: '3.141.59', revision: 'e82be7d358', time: '2018-11-14T08:17:03'
System info: host: 'QUASPC1210', ip: '192.168.1.210', os.name: 'Windows 10', os.arch: 'amd64', os.version: '10.0', java.version: '11.0.12'
Driver info: org.openqa.selenium.chrome.ChromeDriver
Capabilities {acceptInsecureCerts: false, browserName: chrome, browserVersion: 99.0.4844.84, chrome: {chromedriverVersion: 99.0.4844.51 (d537ec02474b5..., userDataDir: C:\Users\meet.g\AppData\Loc...}, goog:chromeOptions: {debuggerAddress: localhost:58517}, javascriptEnabled: true, networkConnectionEnabled: false, pageLoadStrategy: normal, platform: WINDOWS, platformName: WINDOWS, proxy: Proxy(), setWindowRect: true, strictFileInteractability: false, timeouts: {implicit: 0, pageLoad: 300000, script: 30000}, unhandledPromptBehavior: dismiss and notify, webauthn:extension:credBlob: true, webauthn:extension:largeBlob: true, webauthn:virtualAuthenticators: true}
Session ID: 474ba115324c79130722d827aaafda96
	at java.base/jdk.internal.reflect.NativeConstructorAccessorImpl.newInstance0(Native Method)
	at java.base/jdk.internal.reflect.NativeConstructorAccessorImpl.newInstance(NativeConstructorAccessorImpl.java:62)
	at java.base/jdk.internal.reflect.DelegatingConstructorAccessorImpl.newInstance(DelegatingConstructorAccessorImpl.java:45)
	at java.base/java.lang.reflect.Constructor.newInstance(Constructor.java:490)
	at org.openqa.selenium.remote.http.W3CHttpResponseCodec.createException(W3CHttpResponseCodec.java:187)
	at org.openqa.selenium.remote.http.W3CHttpResponseCodec.decode(W3CHttpResponseCodec.java:122)
	at org.openqa.selenium.remote.http.W3CHttpResponseCodec.decode(W3CHttpResponseCodec.java:49)
	at org.openqa.selenium.remote.HttpCommandExecutor.execute(HttpCommandExecutor.java:158)
	at org.openqa.selenium.remote.service.DriverCommandExecutor.execute(DriverCommandExecutor.java:83)
	at org.openqa.selenium.remote.RemoteWebDriver.execute(RemoteWebDriver.java:552)
	at org.openqa.selenium.remote.RemoteWebElement.execute(RemoteWebElement.java:285)
	at org.openqa.selenium.remote.RemoteWebElement.click(RemoteWebElement.java:84)
	at City_GIS_Map.City_GIS.SGL_Ranchi_CITYGIS_15(City_GIS.java:355)
	at java.base/jdk.internal.reflect.NativeMethodAccessorImpl.invoke0(Native Method)
	at java.base/jdk.internal.reflect.NativeMethodAccessorImpl.invoke(NativeMethodAccessorImpl.java:62)
	at java.base/jdk.internal.reflect.DelegatingMethodAccessorImpl.invoke(DelegatingMethodAccessorImpl.java:43)
	at java.base/java.lang.reflect.Method.invoke(Method.java:566)
	at org.testng.internal.MethodInvocationHelper.invokeMethod(MethodInvocationHelper.java:80)
	at org.testng.internal.Invoker.invokeMethod(Invoker.java:714)
	at org.testng.internal.Invoker.invokeTestMethod(Invoker.java:901)
	at org.testng.internal.Invoker.invokeTestMethods(Invoker.java:1231)
	at org.testng.internal.TestMethodWorker.invokeTestMethods(TestMethodWorker.java:127)
	at org.testng.internal.TestMethodWorker.run(TestMethodWorker.java:111)
	at org.testng.TestRunner.privateRun(TestRunner.java:767)
	at org.testng.TestRunner.run(TestRunner.java:617)
	at org.testng.SuiteRunner.runTest(SuiteRunner.java:334)
	at org.testng.SuiteRunner.runSequentially(SuiteRunner.java:329)
	at org.testng.SuiteRunner.privateRun(SuiteRunner.java:291)
	at org.testng.SuiteRunner.run(SuiteRunner.java:240)
	at org.testng.SuiteRunnerWorker.runSuite(SuiteRunnerWorker.java:52)
	at org.testng.SuiteRunnerWorker.run(SuiteRunnerWorker.java:86)
	at org.testng.TestNG.runSuitesSequentially(TestNG.java:1198)
	at org.testng.TestNG.runSuitesLocally(TestNG.java:1123)
	at org.testng.TestNG.run(TestNG.java:1031)
	at org.testng.remote.AbstractRemoteTestNG.run(AbstractRemoteTestNG.java:115)
	at org.testng.remote.RemoteTestNG.initAndRun(RemoteTestNG.java:251)
	at org.testng.remote.RemoteTestNG.main(RemoteTestNG.java:77)
]]>
            </full-stacktrace>
          </exception> <!-- org.openqa.selenium.ElementNotInteractableException -->
          <reporter-output>
          </reporter-output>
        </test-method> <!-- SGL_Ranchi_CITYGIS_15 -->
        <test-method is-config="true" signature="afterClass()[pri:0, instance:City_GIS_Map.City_GIS@5b67bb7e]" started-at="2022-04-06T16:42:44Z" name="afterClass" finished-at="2022-04-06T16:42:45Z" duration-ms="741" status="PASS">
          <reporter-output>
          </reporter-output>
        </test-method> <!-- afterClass -->
        <test-method is-config="true" signature="openBrowser(org.testng.ITestContext)[pri:0, instance:City_GIS_Map.City_GIS@5b67bb7e]" started-at="2022-04-06T16:42:45Z" name="openBrowser" finished-at="2022-04-06T16:42:47Z" duration-ms="2066" status="PASS">
          <params>
            <param index="0">
              <value>
                <![CDATA[org.testng.TestRunner@79611e12]]>
              </value>
            </param>
          </params>
          <reporter-output>
          </reporter-output>
        </test-method> <!-- openBrowser -->
        <test-method signature="SGL_Ranchi_CITYGIS_16(java.lang.reflect.Method)[pri:0, instance:City_GIS_Map.City_GIS@5b67bb7e]" started-at="2022-04-06T16:42:47Z" name="SGL_Ranchi_CITYGIS_16" description="To verify that user is able to &quot;Deselect&quot; particular sub-layer for particular layer group." finished-at="2022-04-06T16:43:42Z" duration-ms="55620" status="FAIL">
          <params>
            <param index="0">
              <value>
                <![CDATA[public void City_GIS_Map.City_GIS.SGL_Ranchi_CITYGIS_16(java.lang.reflect.Method) throws java.lang.InterruptedException]]>
              </value>
            </param>
          </params>
          <exception class="org.openqa.selenium.ElementNotInteractableException">
            <message>
              <![CDATA[element not interactable
  (Session info: chrome=99.0.4844.84)
Build info: version: '3.141.59', revision: 'e82be7d358', time: '2018-11-14T08:17:03'
System info: host: 'QUASPC1210', ip: '192.168.1.210', os.name: 'Windows 10', os.arch: 'amd64', os.version: '10.0', java.version: '11.0.12'
Driver info: org.openqa.selenium.chrome.ChromeDriver
Capabilities {acceptInsecureCerts: false, browserName: chrome, browserVersion: 99.0.4844.84, chrome: {chromedriverVersion: 99.0.4844.51 (d537ec02474b5..., userDataDir: C:\Users\meet.g\AppData\Loc...}, goog:chromeOptions: {debuggerAddress: localhost:58574}, javascriptEnabled: true, networkConnectionEnabled: false, pageLoadStrategy: normal, platform: WINDOWS, platformName: WINDOWS, proxy: Proxy(), setWindowRect: true, strictFileInteractability: false, timeouts: {implicit: 0, pageLoad: 300000, script: 30000}, unhandledPromptBehavior: dismiss and notify, webauthn:extension:credBlob: true, webauthn:extension:largeBlob: true, webauthn:virtualAuthenticators: true}
Session ID: 33a1c73ec9d5c6abf58756f8c5a9a2c7]]>
            </message>
            <full-stacktrace>
              <![CDATA[org.openqa.selenium.ElementNotInteractableException: element not interactable
  (Session info: chrome=99.0.4844.84)
Build info: version: '3.141.59', revision: 'e82be7d358', time: '2018-11-14T08:17:03'
System info: host: 'QUASPC1210', ip: '192.168.1.210', os.name: 'Windows 10', os.arch: 'amd64', os.version: '10.0', java.version: '11.0.12'
Driver info: org.openqa.selenium.chrome.ChromeDriver
Capabilities {acceptInsecureCerts: false, browserName: chrome, browserVersion: 99.0.4844.84, chrome: {chromedriverVersion: 99.0.4844.51 (d537ec02474b5..., userDataDir: C:\Users\meet.g\AppData\Loc...}, goog:chromeOptions: {debuggerAddress: localhost:58574}, javascriptEnabled: true, networkConnectionEnabled: false, pageLoadStrategy: normal, platform: WINDOWS, platformName: WINDOWS, proxy: Proxy(), setWindowRect: true, strictFileInteractability: false, timeouts: {implicit: 0, pageLoad: 300000, script: 30000}, unhandledPromptBehavior: dismiss and notify, webauthn:extension:credBlob: true, webauthn:extension:largeBlob: true, webauthn:virtualAuthenticators: true}
Session ID: 33a1c73ec9d5c6abf58756f8c5a9a2c7
	at java.base/jdk.internal.reflect.NativeConstructorAccessorImpl.newInstance0(Native Method)
	at java.base/jdk.internal.reflect.NativeConstructorAccessorImpl.newInstance(NativeConstructorAccessorImpl.java:62)
	at java.base/jdk.internal.reflect.DelegatingConstructorAccessorImpl.newInstance(DelegatingConstructorAccessorImpl.java:45)
	at java.base/java.lang.reflect.Constructor.newInstance(Constructor.java:490)
	at org.openqa.selenium.remote.http.W3CHttpResponseCodec.createException(W3CHttpResponseCodec.java:187)
	at org.openqa.selenium.remote.http.W3CHttpResponseCodec.decode(W3CHttpResponseCodec.java:122)
	at org.openqa.selenium.remote.http.W3CHttpResponseCodec.decode(W3CHttpResponseCodec.java:49)
	at org.openqa.selenium.remote.HttpCommandExecutor.execute(HttpCommandExecutor.java:158)
	at org.openqa.selenium.remote.service.DriverCommandExecutor.execute(DriverCommandExecutor.java:83)
	at org.openqa.selenium.remote.RemoteWebDriver.execute(RemoteWebDriver.java:552)
	at org.openqa.selenium.remote.RemoteWebElement.execute(RemoteWebElement.java:285)
	at org.openqa.selenium.remote.RemoteWebElement.click(RemoteWebElement.java:84)
	at City_GIS_Map.City_GIS.SGL_Ranchi_CITYGIS_16(City_GIS.java:382)
	at java.base/jdk.internal.reflect.NativeMethodAccessorImpl.invoke0(Native Method)
	at java.base/jdk.internal.reflect.NativeMethodAccessorImpl.invoke(NativeMethodAccessorImpl.java:62)
	at java.base/jdk.internal.reflect.DelegatingMethodAccessorImpl.invoke(DelegatingMethodAccessorImpl.java:43)
	at java.base/java.lang.reflect.Method.invoke(Method.java:566)
	at org.testng.internal.MethodInvocationHelper.invokeMethod(MethodInvocationHelper.java:80)
	at org.testng.internal.Invoker.invokeMethod(Invoker.java:714)
	at org.testng.internal.Invoker.invokeTestMethod(Invoker.java:901)
	at org.testng.internal.Invoker.invokeTestMethods(Invoker.java:1231)
	at org.testng.internal.TestMethodWorker.invokeTestMethods(TestMethodWorker.java:127)
	at org.testng.internal.TestMethodWorker.run(TestMethodWorker.java:111)
	at org.testng.TestRunner.privateRun(TestRunner.java:767)
	at org.testng.TestRunner.run(TestRunner.java:617)
	at org.testng.SuiteRunner.runTest(SuiteRunner.java:334)
	at org.testng.SuiteRunner.runSequentially(SuiteRunner.java:329)
	at org.testng.SuiteRunner.privateRun(SuiteRunner.java:291)
	at org.testng.SuiteRunner.run(SuiteRunner.java:240)
	at org.testng.SuiteRunnerWorker.runSuite(SuiteRunnerWorker.java:52)
	at org.testng.SuiteRunnerWorker.run(SuiteRunnerWorker.java:86)
	at org.testng.TestNG.runSuitesSequentially(TestNG.java:1198)
	at org.testng.TestNG.runSuitesLocally(TestNG.java:1123)
	at org.testng.TestNG.run(TestNG.java:1031)
	at org.testng.remote.AbstractRemoteTestNG.run(AbstractRemoteTestNG.java:115)
	at org.testng.remote.RemoteTestNG.initAndRun(RemoteTestNG.java:251)
	at org.testng.remote.RemoteTestNG.main(RemoteTestNG.java:77)
]]>
            </full-stacktrace>
          </exception> <!-- org.openqa.selenium.ElementNotInteractableException -->
          <reporter-output>
          </reporter-output>
        </test-method> <!-- SGL_Ranchi_CITYGIS_16 -->
        <test-method is-config="true" signature="afterClass()[pri:0, instance:City_GIS_Map.City_GIS@5b67bb7e]" started-at="2022-04-06T16:43:43Z" name="afterClass" finished-at="2022-04-06T16:43:43Z" duration-ms="735" status="PASS">
          <reporter-output>
          </reporter-output>
        </test-method> <!-- afterClass -->
        <test-method is-config="true" signature="openBrowser(org.testng.ITestContext)[pri:0, instance:City_GIS_Map.City_GIS@5b67bb7e]" started-at="2022-04-06T16:43:43Z" name="openBrowser" finished-at="2022-04-06T16:43:45Z" duration-ms="2033" status="PASS">
          <params>
            <param index="0">
              <value>
                <![CDATA[org.testng.TestRunner@79611e12]]>
              </value>
            </param>
          </params>
          <reporter-output>
          </reporter-output>
        </test-method> <!-- openBrowser -->
        <test-method signature="SGL_Ranchi_CITYGIS_17(java.lang.reflect.Method)[pri:0, instance:City_GIS_Map.City_GIS@5b67bb7e]" started-at="2022-04-06T16:43:45Z" name="SGL_Ranchi_CITYGIS_17" description="To verify that user is able to Get Layer Information pop-up." finished-at="2022-04-06T16:44:01Z" duration-ms="15116" status="PASS">
          <params>
            <param index="0">
              <value>
                <![CDATA[public void City_GIS_Map.City_GIS.SGL_Ranchi_CITYGIS_17(java.lang.reflect.Method) throws java.lang.InterruptedException]]>
              </value>
            </param>
          </params>
          <reporter-output>
          </reporter-output>
        </test-method> <!-- SGL_Ranchi_CITYGIS_17 -->
        <test-method is-config="true" signature="afterClass()[pri:0, instance:City_GIS_Map.City_GIS@5b67bb7e]" started-at="2022-04-06T16:44:01Z" name="afterClass" finished-at="2022-04-06T16:44:02Z" duration-ms="742" status="PASS">
          <reporter-output>
          </reporter-output>
        </test-method> <!-- afterClass -->
        <test-method is-config="true" signature="openBrowser(org.testng.ITestContext)[pri:0, instance:City_GIS_Map.City_GIS@5b67bb7e]" started-at="2022-04-06T16:44:02Z" name="openBrowser" finished-at="2022-04-06T16:44:04Z" duration-ms="2010" status="PASS">
          <params>
            <param index="0">
              <value>
                <![CDATA[org.testng.TestRunner@79611e12]]>
              </value>
            </param>
          </params>
          <reporter-output>
          </reporter-output>
        </test-method> <!-- openBrowser -->
        <test-method signature="SGL_Ranchi_CITYGIS_18(java.lang.reflect.Method)[pri:0, instance:City_GIS_Map.City_GIS@5b67bb7e]" started-at="2022-04-06T16:44:04Z" name="SGL_Ranchi_CITYGIS_18" description="To verify that user is able to close &quot;Get Layer Information&quot; pop-up." finished-at="2022-04-06T16:44:19Z" duration-ms="15378" status="PASS">
          <params>
            <param index="0">
              <value>
                <![CDATA[public void City_GIS_Map.City_GIS.SGL_Ranchi_CITYGIS_18(java.lang.reflect.Method) throws java.lang.InterruptedException]]>
              </value>
            </param>
          </params>
          <reporter-output>
          </reporter-output>
        </test-method> <!-- SGL_Ranchi_CITYGIS_18 -->
        <test-method is-config="true" signature="afterClass()[pri:0, instance:City_GIS_Map.City_GIS@5b67bb7e]" started-at="2022-04-06T16:44:19Z" name="afterClass" finished-at="2022-04-06T16:44:20Z" duration-ms="754" status="PASS">
          <reporter-output>
          </reporter-output>
        </test-method> <!-- afterClass -->
        <test-method is-config="true" signature="openBrowser(org.testng.ITestContext)[pri:0, instance:City_GIS_Map.City_GIS@5b67bb7e]" started-at="2022-04-06T16:44:20Z" name="openBrowser" finished-at="2022-04-06T16:44:22Z" duration-ms="2074" status="PASS">
          <params>
            <param index="0">
              <value>
                <![CDATA[org.testng.TestRunner@79611e12]]>
              </value>
            </param>
          </params>
          <reporter-output>
          </reporter-output>
        </test-method> <!-- openBrowser -->
        <test-method signature="SGL_Ranchi_CITYGIS_19()[pri:0, instance:City_GIS_Map.City_GIS@5b67bb7e]" started-at="2022-04-06T16:44:22Z" name="SGL_Ranchi_CITYGIS_19" description="To verify that user is able to perform &#039;Zoom To Extent&#039; functionality." finished-at="2022-04-06T16:44:33Z" duration-ms="10969" status="PASS">
          <reporter-output>
          </reporter-output>
        </test-method> <!-- SGL_Ranchi_CITYGIS_19 -->
        <test-method is-config="true" signature="afterClass()[pri:0, instance:City_GIS_Map.City_GIS@5b67bb7e]" started-at="2022-04-06T16:44:33Z" name="afterClass" finished-at="2022-04-06T16:44:34Z" duration-ms="724" status="PASS">
          <reporter-output>
          </reporter-output>
        </test-method> <!-- afterClass -->
        <test-method is-config="true" signature="openBrowser(org.testng.ITestContext)[pri:0, instance:City_GIS_Map.City_GIS@5b67bb7e]" started-at="2022-04-06T16:44:34Z" name="openBrowser" finished-at="2022-04-06T16:44:36Z" duration-ms="2109" status="PASS">
          <params>
            <param index="0">
              <value>
                <![CDATA[org.testng.TestRunner@79611e12]]>
              </value>
            </param>
          </params>
          <reporter-output>
          </reporter-output>
        </test-method> <!-- openBrowser -->
        <test-method signature="SGL_Ranchi_CITYGIS_20()[pri:0, instance:City_GIS_Map.City_GIS@5b67bb7e]" started-at="2022-04-06T16:44:36Z" name="SGL_Ranchi_CITYGIS_20" description="To verify that user is able to perform &quot;Change Layer Opacity&quot; functionality." finished-at="2022-04-06T16:44:49Z" duration-ms="13078" status="PASS">
          <reporter-output>
          </reporter-output>
        </test-method> <!-- SGL_Ranchi_CITYGIS_20 -->
        <test-method is-config="true" signature="afterClass()[pri:0, instance:City_GIS_Map.City_GIS@5b67bb7e]" started-at="2022-04-06T16:44:50Z" name="afterClass" finished-at="2022-04-06T16:44:50Z" duration-ms="731" status="PASS">
          <reporter-output>
          </reporter-output>
        </test-method> <!-- afterClass -->
        <test-method is-config="true" signature="openBrowser(org.testng.ITestContext)[pri:0, instance:City_GIS_Map.City_GIS@5b67bb7e]" started-at="2022-04-06T16:44:50Z" name="openBrowser" finished-at="2022-04-06T16:44:52Z" duration-ms="2052" status="PASS">
          <params>
            <param index="0">
              <value>
                <![CDATA[org.testng.TestRunner@79611e12]]>
              </value>
            </param>
          </params>
          <reporter-output>
          </reporter-output>
        </test-method> <!-- openBrowser -->
        <test-method signature="SGL_Ranchi_CITYGIS_21()[pri:0, instance:City_GIS_Map.City_GIS@5b67bb7e]" started-at="2022-04-06T16:44:52Z" name="SGL_Ranchi_CITYGIS_21" description="To verify that user is able to close pop-up of the &quot;Change Layer Opacity&quot; functionality." finished-at="2022-04-06T16:45:03Z" duration-ms="10814" status="PASS">
          <reporter-output>
          </reporter-output>
        </test-method> <!-- SGL_Ranchi_CITYGIS_21 -->
        <test-method is-config="true" signature="afterClass()[pri:0, instance:City_GIS_Map.City_GIS@5b67bb7e]" started-at="2022-04-06T16:45:03Z" name="afterClass" finished-at="2022-04-06T16:45:04Z" duration-ms="736" status="PASS">
          <reporter-output>
          </reporter-output>
        </test-method> <!-- afterClass -->
        <test-method is-config="true" signature="openBrowser(org.testng.ITestContext)[pri:0, instance:City_GIS_Map.City_GIS@5b67bb7e]" started-at="2022-04-06T16:45:04Z" name="openBrowser" finished-at="2022-04-06T16:45:06Z" duration-ms="2055" status="PASS">
          <params>
            <param index="0">
              <value>
                <![CDATA[org.testng.TestRunner@79611e12]]>
              </value>
            </param>
          </params>
          <reporter-output>
          </reporter-output>
        </test-method> <!-- openBrowser -->
        <test-method signature="SGL_Ranchi_CITYGIS_22()[pri:0, instance:City_GIS_Map.City_GIS@5b67bb7e]" started-at="2022-04-06T16:45:06Z" name="SGL_Ranchi_CITYGIS_22" description="To verify that user is able to redirect on specified location using saved Bookmarks." finished-at="2022-04-06T16:45:25Z" duration-ms="18830" status="PASS">
          <reporter-output>
          </reporter-output>
        </test-method> <!-- SGL_Ranchi_CITYGIS_22 -->
        <test-method is-config="true" signature="afterClass()[pri:0, instance:City_GIS_Map.City_GIS@5b67bb7e]" started-at="2022-04-06T16:45:25Z" name="afterClass" finished-at="2022-04-06T16:45:26Z" duration-ms="782" status="PASS">
          <reporter-output>
          </reporter-output>
        </test-method> <!-- afterClass -->
        <test-method is-config="true" signature="openBrowser(org.testng.ITestContext)[pri:0, instance:City_GIS_Map.City_GIS@5b67bb7e]" started-at="2022-04-06T16:45:26Z" name="openBrowser" finished-at="2022-04-06T16:45:28Z" duration-ms="2058" status="PASS">
          <params>
            <param index="0">
              <value>
                <![CDATA[org.testng.TestRunner@79611e12]]>
              </value>
            </param>
          </params>
          <reporter-output>
          </reporter-output>
        </test-method> <!-- openBrowser -->
        <test-method signature="SGL_Ranchi_CITYGIS_23()[pri:0, instance:City_GIS_Map.City_GIS@5b67bb7e]" started-at="2022-04-06T16:45:28Z" name="SGL_Ranchi_CITYGIS_23" description="To verify that user is able to remove saved &quot;Bookmarks&quot;." finished-at="2022-04-06T16:45:43Z" duration-ms="14859" status="PASS">
          <reporter-output>
          </reporter-output>
        </test-method> <!-- SGL_Ranchi_CITYGIS_23 -->
        <test-method is-config="true" signature="afterClass()[pri:0, instance:City_GIS_Map.City_GIS@5b67bb7e]" started-at="2022-04-06T16:45:43Z" name="afterClass" finished-at="2022-04-06T16:45:44Z" duration-ms="736" status="PASS">
          <reporter-output>
          </reporter-output>
        </test-method> <!-- afterClass -->
        <test-method is-config="true" signature="openBrowser(org.testng.ITestContext)[pri:0, instance:City_GIS_Map.City_GIS@5b67bb7e]" started-at="2022-04-06T16:45:44Z" name="openBrowser" finished-at="2022-04-06T16:45:46Z" duration-ms="2049" status="PASS">
          <params>
            <param index="0">
              <value>
                <![CDATA[org.testng.TestRunner@79611e12]]>
              </value>
            </param>
          </params>
          <reporter-output>
          </reporter-output>
        </test-method> <!-- openBrowser -->
        <test-method signature="SGL_Ranchi_CITYGIS_24()[pri:0, instance:City_GIS_Map.City_GIS@5b67bb7e]" started-at="2022-04-06T16:45:46Z" name="SGL_Ranchi_CITYGIS_24" description="To verify that user is able to perform &quot;Send Email&quot; functionality from added bookmark in layer panel." finished-at="2022-04-06T16:46:14Z" duration-ms="28329" status="FAIL">
          <exception class="org.openqa.selenium.NoSuchElementException">
            <message>
              <![CDATA[no such element: Unable to locate element: {"method":"xpath","selector":"//p[text()="Sending failed."]"}
  (Session info: chrome=99.0.4844.84)
For documentation on this error, please visit: https://www.seleniumhq.org/exceptions/no_such_element.html
Build info: version: '3.141.59', revision: 'e82be7d358', time: '2018-11-14T08:17:03'
System info: host: 'QUASPC1210', ip: '192.168.1.210', os.name: 'Windows 10', os.arch: 'amd64', os.version: '10.0', java.version: '11.0.12'
Driver info: org.openqa.selenium.chrome.ChromeDriver
Capabilities {acceptInsecureCerts: false, browserName: chrome, browserVersion: 99.0.4844.84, chrome: {chromedriverVersion: 99.0.4844.51 (d537ec02474b5..., userDataDir: C:\Users\meet.g\AppData\Loc...}, goog:chromeOptions: {debuggerAddress: localhost:58909}, javascriptEnabled: true, networkConnectionEnabled: false, pageLoadStrategy: normal, platform: WINDOWS, platformName: WINDOWS, proxy: Proxy(), setWindowRect: true, strictFileInteractability: false, timeouts: {implicit: 0, pageLoad: 300000, script: 30000}, unhandledPromptBehavior: dismiss and notify, webauthn:extension:credBlob: true, webauthn:extension:largeBlob: true, webauthn:virtualAuthenticators: true}
Session ID: ec34bb5c41e9f4ee966b6213ae2334a7
*** Element info: {Using=xpath, value=//p[text()="Sending failed."]}]]>
            </message>
            <full-stacktrace>
              <![CDATA[org.openqa.selenium.NoSuchElementException: no such element: Unable to locate element: {"method":"xpath","selector":"//p[text()="Sending failed."]"}
  (Session info: chrome=99.0.4844.84)
For documentation on this error, please visit: https://www.seleniumhq.org/exceptions/no_such_element.html
Build info: version: '3.141.59', revision: 'e82be7d358', time: '2018-11-14T08:17:03'
System info: host: 'QUASPC1210', ip: '192.168.1.210', os.name: 'Windows 10', os.arch: 'amd64', os.version: '10.0', java.version: '11.0.12'
Driver info: org.openqa.selenium.chrome.ChromeDriver
Capabilities {acceptInsecureCerts: false, browserName: chrome, browserVersion: 99.0.4844.84, chrome: {chromedriverVersion: 99.0.4844.51 (d537ec02474b5..., userDataDir: C:\Users\meet.g\AppData\Loc...}, goog:chromeOptions: {debuggerAddress: localhost:58909}, javascriptEnabled: true, networkConnectionEnabled: false, pageLoadStrategy: normal, platform: WINDOWS, platformName: WINDOWS, proxy: Proxy(), setWindowRect: true, strictFileInteractability: false, timeouts: {implicit: 0, pageLoad: 300000, script: 30000}, unhandledPromptBehavior: dismiss and notify, webauthn:extension:credBlob: true, webauthn:extension:largeBlob: true, webauthn:virtualAuthenticators: true}
Session ID: ec34bb5c41e9f4ee966b6213ae2334a7
*** Element info: {Using=xpath, value=//p[text()="Sending failed."]}
	at java.base/jdk.internal.reflect.NativeConstructorAccessorImpl.newInstance0(Native Method)
	at java.base/jdk.internal.reflect.NativeConstructorAccessorImpl.newInstance(NativeConstructorAccessorImpl.java:62)
	at java.base/jdk.internal.reflect.DelegatingConstructorAccessorImpl.newInstance(DelegatingConstructorAccessorImpl.java:45)
	at java.base/java.lang.reflect.Constructor.newInstance(Constructor.java:490)
	at org.openqa.selenium.remote.http.W3CHttpResponseCodec.createException(W3CHttpResponseCodec.java:187)
	at org.openqa.selenium.remote.http.W3CHttpResponseCodec.decode(W3CHttpResponseCodec.java:122)
	at org.openqa.selenium.remote.http.W3CHttpResponseCodec.decode(W3CHttpResponseCodec.java:49)
	at org.openqa.selenium.remote.HttpCommandExecutor.execute(HttpCommandExecutor.java:158)
	at org.openqa.selenium.remote.service.DriverCommandExecutor.execute(DriverCommandExecutor.java:83)
	at org.openqa.selenium.remote.RemoteWebDriver.execute(RemoteWebDriver.java:552)
	at org.openqa.selenium.remote.RemoteWebDriver.findElement(RemoteWebDriver.java:323)
	at org.openqa.selenium.remote.RemoteWebDriver.findElementByXPath(RemoteWebDriver.java:428)
	at org.openqa.selenium.By$ByXPath.findElement(By.java:353)
	at org.openqa.selenium.remote.RemoteWebDriver.findElement(RemoteWebDriver.java:315)
	at City_GIS_Map.City_GIS.SGL_Ranchi_CITYGIS_24(City_GIS.java:599)
	at java.base/jdk.internal.reflect.NativeMethodAccessorImpl.invoke0(Native Method)
	at java.base/jdk.internal.reflect.NativeMethodAccessorImpl.invoke(NativeMethodAccessorImpl.java:62)
	at java.base/jdk.internal.reflect.DelegatingMethodAccessorImpl.invoke(DelegatingMethodAccessorImpl.java:43)
	at java.base/java.lang.reflect.Method.invoke(Method.java:566)
	at org.testng.internal.MethodInvocationHelper.invokeMethod(MethodInvocationHelper.java:80)
	at org.testng.internal.Invoker.invokeMethod(Invoker.java:714)
	at org.testng.internal.Invoker.invokeTestMethod(Invoker.java:901)
	at org.testng.internal.Invoker.invokeTestMethods(Invoker.java:1231)
	at org.testng.internal.TestMethodWorker.invokeTestMethods(TestMethodWorker.java:127)
	at org.testng.internal.TestMethodWorker.run(TestMethodWorker.java:111)
	at org.testng.TestRunner.privateRun(TestRunner.java:767)
	at org.testng.TestRunner.run(TestRunner.java:617)
	at org.testng.SuiteRunner.runTest(SuiteRunner.java:334)
	at org.testng.SuiteRunner.runSequentially(SuiteRunner.java:329)
	at org.testng.SuiteRunner.privateRun(SuiteRunner.java:291)
	at org.testng.SuiteRunner.run(SuiteRunner.java:240)
	at org.testng.SuiteRunnerWorker.runSuite(SuiteRunnerWorker.java:52)
	at org.testng.SuiteRunnerWorker.run(SuiteRunnerWorker.java:86)
	at org.testng.TestNG.runSuitesSequentially(TestNG.java:1198)
	at org.testng.TestNG.runSuitesLocally(TestNG.java:1123)
	at org.testng.TestNG.run(TestNG.java:1031)
	at org.testng.remote.AbstractRemoteTestNG.run(AbstractRemoteTestNG.java:115)
	at org.testng.remote.RemoteTestNG.initAndRun(RemoteTestNG.java:251)
	at org.testng.remote.RemoteTestNG.main(RemoteTestNG.java:77)
]]>
            </full-stacktrace>
          </exception> <!-- org.openqa.selenium.NoSuchElementException -->
          <reporter-output>
          </reporter-output>
        </test-method> <!-- SGL_Ranchi_CITYGIS_24 -->
        <test-method is-config="true" signature="afterClass()[pri:0, instance:City_GIS_Map.City_GIS@5b67bb7e]" started-at="2022-04-06T16:46:15Z" name="afterClass" finished-at="2022-04-06T16:46:15Z" duration-ms="745" status="PASS">
          <reporter-output>
          </reporter-output>
        </test-method> <!-- afterClass -->
        <test-method is-config="true" signature="openBrowser(org.testng.ITestContext)[pri:0, instance:City_GIS_Map.City_GIS@5b67bb7e]" started-at="2022-04-06T16:46:15Z" name="openBrowser" finished-at="2022-04-06T16:46:17Z" duration-ms="1952" status="PASS">
          <params>
            <param index="0">
              <value>
                <![CDATA[org.testng.TestRunner@79611e12]]>
              </value>
            </param>
          </params>
          <reporter-output>
          </reporter-output>
        </test-method> <!-- openBrowser -->
        <test-method signature="SGL_Ranchi_CITYGIS_25()[pri:0, instance:City_GIS_Map.City_GIS@5b67bb7e]" started-at="2022-04-06T16:46:17Z" name="SGL_Ranchi_CITYGIS_25" description="To verify that user is able to close the &quot;Sent Email&quot; dialog. " finished-at="2022-04-06T16:46:38Z" duration-ms="20862" status="PASS">
          <reporter-output>
          </reporter-output>
        </test-method> <!-- SGL_Ranchi_CITYGIS_25 -->
        <test-method is-config="true" signature="afterClass()[pri:0, instance:City_GIS_Map.City_GIS@5b67bb7e]" started-at="2022-04-06T16:46:38Z" name="afterClass" finished-at="2022-04-06T16:46:39Z" duration-ms="725" status="PASS">
          <reporter-output>
          </reporter-output>
        </test-method> <!-- afterClass -->
        <test-method is-config="true" signature="openBrowser(org.testng.ITestContext)[pri:0, instance:City_GIS_Map.City_GIS@5b67bb7e]" started-at="2022-04-06T16:46:39Z" name="openBrowser" finished-at="2022-04-06T16:46:41Z" duration-ms="2082" status="PASS">
          <params>
            <param index="0">
              <value>
                <![CDATA[org.testng.TestRunner@79611e12]]>
              </value>
            </param>
          </params>
          <reporter-output>
          </reporter-output>
        </test-method> <!-- openBrowser -->
        <test-method signature="SGL_Ranchi_CITYGIS_26()[pri:0, instance:City_GIS_Map.City_GIS@5b67bb7e]" started-at="2022-04-06T16:46:41Z" name="SGL_Ranchi_CITYGIS_26" description="To verify that user is not able to sent email without entering email id." finished-at="2022-04-06T16:47:02Z" duration-ms="21020" status="PASS">
          <reporter-output>
          </reporter-output>
        </test-method> <!-- SGL_Ranchi_CITYGIS_26 -->
        <test-method is-config="true" signature="afterClass()[pri:0, instance:City_GIS_Map.City_GIS@5b67bb7e]" started-at="2022-04-06T16:47:02Z" name="afterClass" finished-at="2022-04-06T16:47:03Z" duration-ms="732" status="PASS">
          <reporter-output>
          </reporter-output>
        </test-method> <!-- afterClass -->
        <test-method is-config="true" signature="openBrowser(org.testng.ITestContext)[pri:0, instance:City_GIS_Map.City_GIS@5b67bb7e]" started-at="2022-04-06T16:47:03Z" name="openBrowser" finished-at="2022-04-06T16:47:05Z" duration-ms="2114" status="PASS">
          <params>
            <param index="0">
              <value>
                <![CDATA[org.testng.TestRunner@79611e12]]>
              </value>
            </param>
          </params>
          <reporter-output>
          </reporter-output>
        </test-method> <!-- openBrowser -->
        <test-method signature="SGL_Ranchi_CITYGIS_27()[pri:0, instance:City_GIS_Map.City_GIS@5b67bb7e]" started-at="2022-04-06T16:47:05Z" name="SGL_Ranchi_CITYGIS_27" description="To verify that user is not able to sent email with invalid email id." finished-at="2022-04-06T16:47:28Z" duration-ms="23053" status="PASS">
          <reporter-output>
          </reporter-output>
        </test-method> <!-- SGL_Ranchi_CITYGIS_27 -->
        <test-method is-config="true" signature="afterClass()[pri:0, instance:City_GIS_Map.City_GIS@5b67bb7e]" started-at="2022-04-06T16:47:29Z" name="afterClass" finished-at="2022-04-06T16:47:29Z" duration-ms="731" status="PASS">
          <reporter-output>
          </reporter-output>
        </test-method> <!-- afterClass -->
        <test-method is-config="true" signature="openBrowser(org.testng.ITestContext)[pri:0, instance:City_GIS_Map.City_GIS@5b67bb7e]" started-at="2022-04-06T16:47:29Z" name="openBrowser" finished-at="2022-04-06T16:47:32Z" duration-ms="2291" status="PASS">
          <params>
            <param index="0">
              <value>
                <![CDATA[org.testng.TestRunner@79611e12]]>
              </value>
            </param>
          </params>
          <reporter-output>
          </reporter-output>
        </test-method> <!-- openBrowser -->
        <test-method signature="SGL_Ranchi_CITYGIS_28()[pri:0, instance:City_GIS_Map.City_GIS@5b67bb7e]" started-at="2022-04-06T16:47:32Z" name="SGL_Ranchi_CITYGIS_28" description="To verify that user is able to get the &quot;Available Layers&quot; dialog." finished-at="2022-04-06T16:47:43Z" duration-ms="11264" status="PASS">
          <reporter-output>
          </reporter-output>
        </test-method> <!-- SGL_Ranchi_CITYGIS_28 -->
        <test-method is-config="true" signature="afterClass()[pri:0, instance:City_GIS_Map.City_GIS@5b67bb7e]" started-at="2022-04-06T16:47:43Z" name="afterClass" finished-at="2022-04-06T16:47:44Z" duration-ms="731" status="PASS">
          <reporter-output>
          </reporter-output>
        </test-method> <!-- afterClass -->
        <test-method is-config="true" signature="openBrowser(org.testng.ITestContext)[pri:0, instance:City_GIS_Map.City_GIS@5b67bb7e]" started-at="2022-04-06T16:47:44Z" name="openBrowser" finished-at="2022-04-06T16:47:46Z" duration-ms="1990" status="PASS">
          <params>
            <param index="0">
              <value>
                <![CDATA[org.testng.TestRunner@79611e12]]>
              </value>
            </param>
          </params>
          <reporter-output>
          </reporter-output>
        </test-method> <!-- openBrowser -->
        <test-method signature="SGL_Ranchi_CITYGIS_29()[pri:0, instance:City_GIS_Map.City_GIS@5b67bb7e]" started-at="2022-04-06T16:47:46Z" name="SGL_Ranchi_CITYGIS_29" description="To verify that user is able to &quot;Search&quot; particular layer from the &quot;Available Layers&quot; dialog." finished-at="2022-04-06T16:48:07Z" duration-ms="21537" status="PASS">
          <reporter-output>
          </reporter-output>
        </test-method> <!-- SGL_Ranchi_CITYGIS_29 -->
        <test-method is-config="true" signature="afterClass()[pri:0, instance:City_GIS_Map.City_GIS@5b67bb7e]" started-at="2022-04-06T16:48:07Z" name="afterClass" finished-at="2022-04-06T16:48:08Z" duration-ms="731" status="PASS">
          <reporter-output>
          </reporter-output>
        </test-method> <!-- afterClass -->
        <test-method is-config="true" signature="openBrowser(org.testng.ITestContext)[pri:0, instance:City_GIS_Map.City_GIS@5b67bb7e]" started-at="2022-04-06T16:48:08Z" name="openBrowser" finished-at="2022-04-06T16:48:10Z" duration-ms="2117" status="PASS">
          <params>
            <param index="0">
              <value>
                <![CDATA[org.testng.TestRunner@79611e12]]>
              </value>
            </param>
          </params>
          <reporter-output>
          </reporter-output>
        </test-method> <!-- openBrowser -->
        <test-method signature="SGL_Ranchi_CITYGIS_30()[pri:0, instance:City_GIS_Map.City_GIS@5b67bb7e]" started-at="2022-04-06T16:48:10Z" name="SGL_Ranchi_CITYGIS_30" description="To verify that user is able to perform &quot;Sort Alphabetically&quot; functionality from &quot;Available Layers&quot; dialog." finished-at="2022-04-06T16:53:02Z" duration-ms="292077" status="FAIL">
          <exception class="java.lang.AssertionError">
            <message>
              <![CDATA[Lists differ at element [0]: abd_area != Ranchi_Basemap expected [abd_area] but found [Ranchi_Basemap]]]>
            </message>
            <full-stacktrace>
              <![CDATA[java.lang.AssertionError: Lists differ at element [0]: abd_area != Ranchi_Basemap expected [abd_area] but found [Ranchi_Basemap]
	at org.testng.Assert.fail(Assert.java:94)
	at org.testng.Assert.failNotEquals(Assert.java:494)
	at org.testng.Assert.assertEquals(Assert.java:123)
	at org.testng.Assert.assertEquals(Assert.java:549)
	at org.testng.Assert.assertEquals(Assert.java:514)
	at City_GIS_Map.City_GIS.SGL_Ranchi_CITYGIS_30(City_GIS.java:793)
	at java.base/jdk.internal.reflect.NativeMethodAccessorImpl.invoke0(Native Method)
	at java.base/jdk.internal.reflect.NativeMethodAccessorImpl.invoke(NativeMethodAccessorImpl.java:62)
	at java.base/jdk.internal.reflect.DelegatingMethodAccessorImpl.invoke(DelegatingMethodAccessorImpl.java:43)
	at java.base/java.lang.reflect.Method.invoke(Method.java:566)
	at org.testng.internal.MethodInvocationHelper.invokeMethod(MethodInvocationHelper.java:80)
	at org.testng.internal.Invoker.invokeMethod(Invoker.java:714)
	at org.testng.internal.Invoker.invokeTestMethod(Invoker.java:901)
	at org.testng.internal.Invoker.invokeTestMethods(Invoker.java:1231)
	at org.testng.internal.TestMethodWorker.invokeTestMethods(TestMethodWorker.java:127)
	at org.testng.internal.TestMethodWorker.run(TestMethodWorker.java:111)
	at org.testng.TestRunner.privateRun(TestRunner.java:767)
	at org.testng.TestRunner.run(TestRunner.java:617)
	at org.testng.SuiteRunner.runTest(SuiteRunner.java:334)
	at org.testng.SuiteRunner.runSequentially(SuiteRunner.java:329)
	at org.testng.SuiteRunner.privateRun(SuiteRunner.java:291)
	at org.testng.SuiteRunner.run(SuiteRunner.java:240)
	at org.testng.SuiteRunnerWorker.runSuite(SuiteRunnerWorker.java:52)
	at org.testng.SuiteRunnerWorker.run(SuiteRunnerWorker.java:86)
	at org.testng.TestNG.runSuitesSequentially(TestNG.java:1198)
	at org.testng.TestNG.runSuitesLocally(TestNG.java:1123)
	at org.testng.TestNG.run(TestNG.java:1031)
	at org.testng.remote.AbstractRemoteTestNG.run(AbstractRemoteTestNG.java:115)
	at org.testng.remote.RemoteTestNG.initAndRun(RemoteTestNG.java:251)
	at org.testng.remote.RemoteTestNG.main(RemoteTestNG.java:77)
]]>
            </full-stacktrace>
          </exception> <!-- java.lang.AssertionError -->
          <reporter-output>
          </reporter-output>
        </test-method> <!-- SGL_Ranchi_CITYGIS_30 -->
        <test-method is-config="true" signature="afterClass()[pri:0, instance:City_GIS_Map.City_GIS@5b67bb7e]" started-at="2022-04-06T16:53:03Z" name="afterClass" finished-at="2022-04-06T16:53:03Z" duration-ms="778" status="PASS">
          <reporter-output>
          </reporter-output>
        </test-method> <!-- afterClass -->
        <test-method is-config="true" signature="openBrowser(org.testng.ITestContext)[pri:0, instance:City_GIS_Map.City_GIS@5b67bb7e]" started-at="2022-04-06T16:53:03Z" name="openBrowser" finished-at="2022-04-06T16:53:06Z" duration-ms="2162" status="PASS">
          <params>
            <param index="0">
              <value>
                <![CDATA[org.testng.TestRunner@79611e12]]>
              </value>
            </param>
          </params>
          <reporter-output>
          </reporter-output>
        </test-method> <!-- openBrowser -->
        <test-method signature="SGL_Ranchi_CITYGIS_31()[pri:0, instance:City_GIS_Map.City_GIS@5b67bb7e]" started-at="2022-04-06T16:53:06Z" name="SGL_Ranchi_CITYGIS_31" description="To verify that user is able to add layer in layer panel." finished-at="2022-04-06T16:53:24Z" duration-ms="18601" status="PASS">
          <reporter-output>
          </reporter-output>
        </test-method> <!-- SGL_Ranchi_CITYGIS_31 -->
        <test-method is-config="true" signature="afterClass()[pri:0, instance:City_GIS_Map.City_GIS@5b67bb7e]" started-at="2022-04-06T16:53:24Z" name="afterClass" finished-at="2022-04-06T16:53:25Z" duration-ms="745" status="PASS">
          <reporter-output>
          </reporter-output>
        </test-method> <!-- afterClass -->
        <test-method is-config="true" signature="openBrowser(org.testng.ITestContext)[pri:0, instance:City_GIS_Map.City_GIS@5b67bb7e]" started-at="2022-04-06T16:53:25Z" name="openBrowser" finished-at="2022-04-06T16:53:27Z" duration-ms="2064" status="PASS">
          <params>
            <param index="0">
              <value>
                <![CDATA[org.testng.TestRunner@79611e12]]>
              </value>
            </param>
          </params>
          <reporter-output>
          </reporter-output>
        </test-method> <!-- openBrowser -->
        <test-method signature="SGL_Ranchi_CITYGIS_32()[pri:0, instance:City_GIS_Map.City_GIS@5b67bb7e]" started-at="2022-04-06T16:53:27Z" name="SGL_Ranchi_CITYGIS_32" description="To verify that user is able to perform &quot;Cancel&quot; functionality." finished-at="2022-04-06T16:53:44Z" duration-ms="17131" status="PASS">
          <reporter-output>
          </reporter-output>
        </test-method> <!-- SGL_Ranchi_CITYGIS_32 -->
        <test-method is-config="true" signature="afterClass()[pri:0, instance:City_GIS_Map.City_GIS@5b67bb7e]" started-at="2022-04-06T16:53:44Z" name="afterClass" finished-at="2022-04-06T16:53:45Z" duration-ms="735" status="PASS">
          <reporter-output>
          </reporter-output>
        </test-method> <!-- afterClass -->
        <test-method is-config="true" signature="openBrowser(org.testng.ITestContext)[pri:0, instance:City_GIS_Map.City_GIS@5b67bb7e]" started-at="2022-04-06T16:53:45Z" name="openBrowser" finished-at="2022-04-06T16:53:47Z" duration-ms="1963" status="PASS">
          <params>
            <param index="0">
              <value>
                <![CDATA[org.testng.TestRunner@79611e12]]>
              </value>
            </param>
          </params>
          <reporter-output>
          </reporter-output>
        </test-method> <!-- openBrowser -->
        <test-method signature="SGL_Ranchi_CITYGIS_33()[pri:0, instance:City_GIS_Map.City_GIS@5b67bb7e]" started-at="2022-04-06T16:53:47Z" name="SGL_Ranchi_CITYGIS_33" description="To verify that user is able to close the &quot;Add new server&quot; dialog." finished-at="2022-04-06T16:54:08Z" duration-ms="21130" status="FAIL">
          <exception class="org.openqa.selenium.NoSuchElementException">
            <message>
              <![CDATA[no such element: Unable to locate element: {"method":"xpath","selector":"//div[@style="position: absolute; z-index: 9023; visibility: visible; left: 810px; top: 179px; width: 300px; display: block;"]//div[@class="x-tool x-tool-close"]"}
  (Session info: chrome=99.0.4844.84)
For documentation on this error, please visit: https://www.seleniumhq.org/exceptions/no_such_element.html
Build info: version: '3.141.59', revision: 'e82be7d358', time: '2018-11-14T08:17:03'
System info: host: 'QUASPC1210', ip: '192.168.1.210', os.name: 'Windows 10', os.arch: 'amd64', os.version: '10.0', java.version: '11.0.12'
Driver info: org.openqa.selenium.chrome.ChromeDriver
Capabilities {acceptInsecureCerts: false, browserName: chrome, browserVersion: 99.0.4844.84, chrome: {chromedriverVersion: 99.0.4844.51 (d537ec02474b5..., userDataDir: C:\Users\meet.g\AppData\Loc...}, goog:chromeOptions: {debuggerAddress: localhost:59889}, javascriptEnabled: true, networkConnectionEnabled: false, pageLoadStrategy: normal, platform: WINDOWS, platformName: WINDOWS, proxy: Proxy(), setWindowRect: true, strictFileInteractability: false, timeouts: {implicit: 0, pageLoad: 300000, script: 30000}, unhandledPromptBehavior: dismiss and notify, webauthn:extension:credBlob: true, webauthn:extension:largeBlob: true, webauthn:virtualAuthenticators: true}
Session ID: 587141bc82368aa23350e7706a262241
*** Element info: {Using=xpath, value=//div[@style="position: absolute; z-index: 9023; visibility: visible; left: 810px; top: 179px; width: 300px; display: block;"]//div[@class="x-tool x-tool-close"]}]]>
            </message>
            <full-stacktrace>
              <![CDATA[org.openqa.selenium.NoSuchElementException: no such element: Unable to locate element: {"method":"xpath","selector":"//div[@style="position: absolute; z-index: 9023; visibility: visible; left: 810px; top: 179px; width: 300px; display: block;"]//div[@class="x-tool x-tool-close"]"}
  (Session info: chrome=99.0.4844.84)
For documentation on this error, please visit: https://www.seleniumhq.org/exceptions/no_such_element.html
Build info: version: '3.141.59', revision: 'e82be7d358', time: '2018-11-14T08:17:03'
System info: host: 'QUASPC1210', ip: '192.168.1.210', os.name: 'Windows 10', os.arch: 'amd64', os.version: '10.0', java.version: '11.0.12'
Driver info: org.openqa.selenium.chrome.ChromeDriver
Capabilities {acceptInsecureCerts: false, browserName: chrome, browserVersion: 99.0.4844.84, chrome: {chromedriverVersion: 99.0.4844.51 (d537ec02474b5..., userDataDir: C:\Users\meet.g\AppData\Loc...}, goog:chromeOptions: {debuggerAddress: localhost:59889}, javascriptEnabled: true, networkConnectionEnabled: false, pageLoadStrategy: normal, platform: WINDOWS, platformName: WINDOWS, proxy: Proxy(), setWindowRect: true, strictFileInteractability: false, timeouts: {implicit: 0, pageLoad: 300000, script: 30000}, unhandledPromptBehavior: dismiss and notify, webauthn:extension:credBlob: true, webauthn:extension:largeBlob: true, webauthn:virtualAuthenticators: true}
Session ID: 587141bc82368aa23350e7706a262241
*** Element info: {Using=xpath, value=//div[@style="position: absolute; z-index: 9023; visibility: visible; left: 810px; top: 179px; width: 300px; display: block;"]//div[@class="x-tool x-tool-close"]}
	at java.base/jdk.internal.reflect.NativeConstructorAccessorImpl.newInstance0(Native Method)
	at java.base/jdk.internal.reflect.NativeConstructorAccessorImpl.newInstance(NativeConstructorAccessorImpl.java:62)
	at java.base/jdk.internal.reflect.DelegatingConstructorAccessorImpl.newInstance(DelegatingConstructorAccessorImpl.java:45)
	at java.base/java.lang.reflect.Constructor.newInstance(Constructor.java:490)
	at org.openqa.selenium.remote.http.W3CHttpResponseCodec.createException(W3CHttpResponseCodec.java:187)
	at org.openqa.selenium.remote.http.W3CHttpResponseCodec.decode(W3CHttpResponseCodec.java:122)
	at org.openqa.selenium.remote.http.W3CHttpResponseCodec.decode(W3CHttpResponseCodec.java:49)
	at org.openqa.selenium.remote.HttpCommandExecutor.execute(HttpCommandExecutor.java:158)
	at org.openqa.selenium.remote.service.DriverCommandExecutor.execute(DriverCommandExecutor.java:83)
	at org.openqa.selenium.remote.RemoteWebDriver.execute(RemoteWebDriver.java:552)
	at org.openqa.selenium.remote.RemoteWebDriver.findElement(RemoteWebDriver.java:323)
	at org.openqa.selenium.remote.RemoteWebDriver.findElementByXPath(RemoteWebDriver.java:428)
	at org.openqa.selenium.By$ByXPath.findElement(By.java:353)
	at org.openqa.selenium.remote.RemoteWebDriver.findElement(RemoteWebDriver.java:315)
	at City_GIS_Map.City_GIS.SGL_Ranchi_CITYGIS_33(City_GIS.java:877)
	at java.base/jdk.internal.reflect.NativeMethodAccessorImpl.invoke0(Native Method)
	at java.base/jdk.internal.reflect.NativeMethodAccessorImpl.invoke(NativeMethodAccessorImpl.java:62)
	at java.base/jdk.internal.reflect.DelegatingMethodAccessorImpl.invoke(DelegatingMethodAccessorImpl.java:43)
	at java.base/java.lang.reflect.Method.invoke(Method.java:566)
	at org.testng.internal.MethodInvocationHelper.invokeMethod(MethodInvocationHelper.java:80)
	at org.testng.internal.Invoker.invokeMethod(Invoker.java:714)
	at org.testng.internal.Invoker.invokeTestMethod(Invoker.java:901)
	at org.testng.internal.Invoker.invokeTestMethods(Invoker.java:1231)
	at org.testng.internal.TestMethodWorker.invokeTestMethods(TestMethodWorker.java:127)
	at org.testng.internal.TestMethodWorker.run(TestMethodWorker.java:111)
	at org.testng.TestRunner.privateRun(TestRunner.java:767)
	at org.testng.TestRunner.run(TestRunner.java:617)
	at org.testng.SuiteRunner.runTest(SuiteRunner.java:334)
	at org.testng.SuiteRunner.runSequentially(SuiteRunner.java:329)
	at org.testng.SuiteRunner.privateRun(SuiteRunner.java:291)
	at org.testng.SuiteRunner.run(SuiteRunner.java:240)
	at org.testng.SuiteRunnerWorker.runSuite(SuiteRunnerWorker.java:52)
	at org.testng.SuiteRunnerWorker.run(SuiteRunnerWorker.java:86)
	at org.testng.TestNG.runSuitesSequentially(TestNG.java:1198)
	at org.testng.TestNG.runSuitesLocally(TestNG.java:1123)
	at org.testng.TestNG.run(TestNG.java:1031)
	at org.testng.remote.AbstractRemoteTestNG.run(AbstractRemoteTestNG.java:115)
	at org.testng.remote.RemoteTestNG.initAndRun(RemoteTestNG.java:251)
	at org.testng.remote.RemoteTestNG.main(RemoteTestNG.java:77)
]]>
            </full-stacktrace>
          </exception> <!-- org.openqa.selenium.NoSuchElementException -->
          <reporter-output>
          </reporter-output>
        </test-method> <!-- SGL_Ranchi_CITYGIS_33 -->
        <test-method is-config="true" signature="afterClass()[pri:0, instance:City_GIS_Map.City_GIS@5b67bb7e]" started-at="2022-04-06T16:54:09Z" name="afterClass" finished-at="2022-04-06T16:54:09Z" duration-ms="742" status="PASS">
          <reporter-output>
          </reporter-output>
        </test-method> <!-- afterClass -->
        <test-method is-config="true" signature="openBrowser(org.testng.ITestContext)[pri:0, instance:City_GIS_Map.City_GIS@5b67bb7e]" started-at="2022-04-06T16:54:09Z" name="openBrowser" finished-at="2022-04-06T16:54:11Z" duration-ms="1991" status="PASS">
          <params>
            <param index="0">
              <value>
                <![CDATA[org.testng.TestRunner@79611e12]]>
              </value>
            </param>
          </params>
          <reporter-output>
          </reporter-output>
        </test-method> <!-- openBrowser -->
        <test-method signature="SGL_Ranchi_CITYGIS_34()[pri:0, instance:City_GIS_Map.City_GIS@5b67bb7e]" started-at="2022-04-06T16:54:11Z" name="SGL_Ranchi_CITYGIS_34" description="To verify that user is able to close the &quot;Available Layers&quot; dialog." finished-at="2022-04-06T16:54:23Z" duration-ms="12233" status="PASS">
          <reporter-output>
          </reporter-output>
        </test-method> <!-- SGL_Ranchi_CITYGIS_34 -->
        <test-method is-config="true" signature="afterClass()[pri:0, instance:City_GIS_Map.City_GIS@5b67bb7e]" started-at="2022-04-06T16:54:24Z" name="afterClass" finished-at="2022-04-06T16:54:24Z" duration-ms="728" status="PASS">
          <reporter-output>
          </reporter-output>
        </test-method> <!-- afterClass -->
        <test-method is-config="true" signature="openBrowser(org.testng.ITestContext)[pri:0, instance:City_GIS_Map.City_GIS@5b67bb7e]" started-at="2022-04-06T16:54:24Z" name="openBrowser" finished-at="2022-04-06T16:54:26Z" duration-ms="2066" status="PASS">
          <params>
            <param index="0">
              <value>
                <![CDATA[org.testng.TestRunner@79611e12]]>
              </value>
            </param>
          </params>
          <reporter-output>
          </reporter-output>
        </test-method> <!-- openBrowser -->
        <test-method signature="SGL_Ranchi_CITYGIS_35()[pri:0, instance:City_GIS_Map.City_GIS@5b67bb7e]" started-at="2022-04-06T16:54:26Z" name="SGL_Ranchi_CITYGIS_35" description="To verify that user is not able to add server without entering &quot;URL&quot;." finished-at="2022-04-06T16:54:43Z" duration-ms="16950" status="PASS">
          <reporter-output>
          </reporter-output>
        </test-method> <!-- SGL_Ranchi_CITYGIS_35 -->
        <test-method is-config="true" signature="afterClass()[pri:0, instance:City_GIS_Map.City_GIS@5b67bb7e]" started-at="2022-04-06T16:54:44Z" name="afterClass" finished-at="2022-04-06T16:54:44Z" duration-ms="733" status="PASS">
          <reporter-output>
          </reporter-output>
        </test-method> <!-- afterClass -->
        <test-method is-config="true" signature="openBrowser(org.testng.ITestContext)[pri:0, instance:City_GIS_Map.City_GIS@5b67bb7e]" started-at="2022-04-06T16:54:44Z" name="openBrowser" finished-at="2022-04-06T16:54:46Z" duration-ms="2078" status="PASS">
          <params>
            <param index="0">
              <value>
                <![CDATA[org.testng.TestRunner@79611e12]]>
              </value>
            </param>
          </params>
          <reporter-output>
          </reporter-output>
        </test-method> <!-- openBrowser -->
        <test-method signature="SGL_Ranchi_CITYGIS_36()[pri:0, instance:City_GIS_Map.City_GIS@5b67bb7e]" started-at="2022-04-06T16:54:46Z" name="SGL_Ranchi_CITYGIS_36" description="To verify that user is able to perform &quot;Identify&quot; tool functionality." finished-at="2022-04-06T16:55:03Z" duration-ms="16593" status="PASS">
          <reporter-output>
          </reporter-output>
        </test-method> <!-- SGL_Ranchi_CITYGIS_36 -->
        <test-method is-config="true" signature="afterClass()[pri:0, instance:City_GIS_Map.City_GIS@5b67bb7e]" started-at="2022-04-06T16:55:03Z" name="afterClass" finished-at="2022-04-06T16:55:04Z" duration-ms="742" status="PASS">
          <reporter-output>
          </reporter-output>
        </test-method> <!-- afterClass -->
        <test-method is-config="true" signature="openBrowser(org.testng.ITestContext)[pri:0, instance:City_GIS_Map.City_GIS@5b67bb7e]" started-at="2022-04-06T16:55:04Z" name="openBrowser" finished-at="2022-04-06T16:55:06Z" duration-ms="2094" status="PASS">
          <params>
            <param index="0">
              <value>
                <![CDATA[org.testng.TestRunner@79611e12]]>
              </value>
            </param>
          </params>
          <reporter-output>
          </reporter-output>
        </test-method> <!-- openBrowser -->
        <test-method signature="SGL_Ranchi_CITYGIS_37()[pri:0, instance:City_GIS_Map.City_GIS@5b67bb7e]" started-at="2022-04-06T16:55:06Z" name="SGL_Ranchi_CITYGIS_37" description="To verify that user is able to close &quot;Feature Info&quot; popup." finished-at="2022-04-06T16:55:23Z" duration-ms="16775" status="PASS">
          <reporter-output>
          </reporter-output>
        </test-method> <!-- SGL_Ranchi_CITYGIS_37 -->
        <test-method is-config="true" signature="afterClass()[pri:0, instance:City_GIS_Map.City_GIS@5b67bb7e]" started-at="2022-04-06T16:55:23Z" name="afterClass" finished-at="2022-04-06T16:55:24Z" duration-ms="738" status="PASS">
          <reporter-output>
          </reporter-output>
        </test-method> <!-- afterClass -->
        <test-method is-config="true" signature="openBrowser(org.testng.ITestContext)[pri:0, instance:City_GIS_Map.City_GIS@5b67bb7e]" started-at="2022-04-06T16:55:24Z" name="openBrowser" finished-at="2022-04-06T16:55:26Z" duration-ms="2053" status="PASS">
          <params>
            <param index="0">
              <value>
                <![CDATA[org.testng.TestRunner@79611e12]]>
              </value>
            </param>
          </params>
          <reporter-output>
          </reporter-output>
        </test-method> <!-- openBrowser -->
        <test-method signature="SGL_Ranchi_CITYGIS_38()[pri:0, instance:City_GIS_Map.City_GIS@5b67bb7e]" started-at="2022-04-06T16:55:26Z" name="SGL_Ranchi_CITYGIS_38" description="To verify that user is able to &quot;Download&quot; the details  in specific format from &quot;Feature Info&quot; popup." finished-at="2022-04-06T16:55:49Z" duration-ms="23158" status="PASS">
          <reporter-output>
          </reporter-output>
        </test-method> <!-- SGL_Ranchi_CITYGIS_38 -->
[...]
            <param index="0">
              <value>
                <![CDATA[org.testng.TestRunner@79611e12]]>
              </value>
            </param>
          </params>
          <reporter-output>
          </reporter-output>
        </test-method> <!-- openBrowser -->
        <test-method signature="SGL_Ranchi_CITYGIS_144()[pri:0, instance:City_GIS_Map.City_GIS@5b67bb7e]" started-at="2022-04-06T17:32:58Z" name="SGL_Ranchi_CITYGIS_144" description="To verify that user is able to perform &quot;Ward Information&quot; functionality." finished-at="2022-04-06T17:33:09Z" duration-ms="10752" status="FAIL">
          <exception class="org.openqa.selenium.ElementNotInteractableException">
            <message>
              <![CDATA[element not interactable: Element is not currently visible and may not be manipulated
  (Session info: chrome=99.0.4844.84)
Build info: version: '3.141.59', revision: 'e82be7d358', time: '2018-11-14T08:17:03'
System info: host: 'QUASPC1210', ip: '192.168.1.210', os.name: 'Windows 10', os.arch: 'amd64', os.version: '10.0', java.version: '11.0.12'
Driver info: org.openqa.selenium.chrome.ChromeDriver
Capabilities {acceptInsecureCerts: false, browserName: chrome, browserVersion: 99.0.4844.84, chrome: {chromedriverVersion: 99.0.4844.51 (d537ec02474b5..., userDataDir: C:\Users\meet.g\AppData\Loc...}, goog:chromeOptions: {debuggerAddress: localhost:65018}, javascriptEnabled: true, networkConnectionEnabled: false, pageLoadStrategy: normal, platform: WINDOWS, platformName: WINDOWS, proxy: Proxy(), setWindowRect: true, strictFileInteractability: false, timeouts: {implicit: 0, pageLoad: 300000, script: 30000}, unhandledPromptBehavior: dismiss and notify, webauthn:extension:credBlob: true, webauthn:extension:largeBlob: true, webauthn:virtualAuthenticators: true}
Session ID: 53ea431734a5e445f3a6a2455fd7f857]]>
            </message>
            <full-stacktrace>
              <![CDATA[org.openqa.selenium.ElementNotInteractableException: element not interactable: Element is not currently visible and may not be manipulated
  (Session info: chrome=99.0.4844.84)
Build info: version: '3.141.59', revision: 'e82be7d358', time: '2018-11-14T08:17:03'
System info: host: 'QUASPC1210', ip: '192.168.1.210', os.name: 'Windows 10', os.arch: 'amd64', os.version: '10.0', java.version: '11.0.12'
Driver info: org.openqa.selenium.chrome.ChromeDriver
Capabilities {acceptInsecureCerts: false, browserName: chrome, browserVersion: 99.0.4844.84, chrome: {chromedriverVersion: 99.0.4844.51 (d537ec02474b5..., userDataDir: C:\Users\meet.g\AppData\Loc...}, goog:chromeOptions: {debuggerAddress: localhost:65018}, javascriptEnabled: true, networkConnectionEnabled: false, pageLoadStrategy: normal, platform: WINDOWS, platformName: WINDOWS, proxy: Proxy(), setWindowRect: true, strictFileInteractability: false, timeouts: {implicit: 0, pageLoad: 300000, script: 30000}, unhandledPromptBehavior: dismiss and notify, webauthn:extension:credBlob: true, webauthn:extension:largeBlob: true, webauthn:virtualAuthenticators: true}
Session ID: 53ea431734a5e445f3a6a2455fd7f857
	at jdk.internal.reflect.GeneratedConstructorAccessor17.newInstance(Unknown Source)
	at java.base/jdk.internal.reflect.DelegatingConstructorAccessorImpl.newInstance(DelegatingConstructorAccessorImpl.java:45)
	at java.base/java.lang.reflect.Constructor.newInstance(Constructor.java:490)
	at org.openqa.selenium.remote.http.W3CHttpResponseCodec.createException(W3CHttpResponseCodec.java:187)
	at org.openqa.selenium.remote.http.W3CHttpResponseCodec.decode(W3CHttpResponseCodec.java:122)
	at org.openqa.selenium.remote.http.W3CHttpResponseCodec.decode(W3CHttpResponseCodec.java:49)
	at org.openqa.selenium.remote.HttpCommandExecutor.execute(HttpCommandExecutor.java:158)
	at org.openqa.selenium.remote.service.DriverCommandExecutor.execute(DriverCommandExecutor.java:83)
	at org.openqa.selenium.remote.RemoteWebDriver.execute(RemoteWebDriver.java:552)
	at org.openqa.selenium.remote.RemoteWebElement.execute(RemoteWebElement.java:285)
	at org.openqa.selenium.remote.RemoteWebElement.click(RemoteWebElement.java:84)
	at org.openqa.selenium.support.ui.Select.setSelected(Select.java:311)
	at org.openqa.selenium.support.ui.Select.selectByValue(Select.java:187)
	at City_GIS_Map.City_GIS.SGL_Ranchi_CITYGIS_144(City_GIS.java:4141)
	at java.base/jdk.internal.reflect.NativeMethodAccessorImpl.invoke0(Native Method)
	at java.base/jdk.internal.reflect.NativeMethodAccessorImpl.invoke(NativeMethodAccessorImpl.java:62)
	at java.base/jdk.internal.reflect.DelegatingMethodAccessorImpl.invoke(DelegatingMethodAccessorImpl.java:43)
	at java.base/java.lang.reflect.Method.invoke(Method.java:566)
	at org.testng.internal.MethodInvocationHelper.invokeMethod(MethodInvocationHelper.java:80)
	at org.testng.internal.Invoker.invokeMethod(Invoker.java:714)
	at org.testng.internal.Invoker.invokeTestMethod(Invoker.java:901)
	at org.testng.internal.Invoker.invokeTestMethods(Invoker.java:1231)
	at org.testng.internal.TestMethodWorker.invokeTestMethods(TestMethodWorker.java:127)
	at org.testng.internal.TestMethodWorker.run(TestMethodWorker.java:111)
	at org.testng.TestRunner.privateRun(TestRunner.java:767)
	at org.testng.TestRunner.run(TestRunner.java:617)
	at org.testng.SuiteRunner.runTest(SuiteRunner.java:334)
	at org.testng.SuiteRunner.runSequentially(SuiteRunner.java:329)
	at org.testng.SuiteRunner.privateRun(SuiteRunner.java:291)
	at org.testng.SuiteRunner.run(SuiteRunner.java:240)
	at org.testng.SuiteRunnerWorker.runSuite(SuiteRunnerWorker.java:52)
	at org.testng.SuiteRunnerWorker.run(SuiteRunnerWorker.java:86)
	at org.testng.TestNG.runSuitesSequentially(TestNG.java:1198)
	at org.testng.TestNG.runSuitesLocally(TestNG.java:1123)
	at org.testng.TestNG.run(TestNG.java:1031)
	at org.testng.remote.AbstractRemoteTestNG.run(AbstractRemoteTestNG.java:115)
	at org.testng.remote.RemoteTestNG.initAndRun(RemoteTestNG.java:251)
	at org.testng.remote.RemoteTestNG.main(RemoteTestNG.java:77)
]]>
            </full-stacktrace>
          </exception> <!-- org.openqa.selenium.ElementNotInteractableException -->
          <reporter-output>
          </reporter-output>
        </test-method> <!-- SGL_Ranchi_CITYGIS_144 -->
        <test-method is-config="true" signature="afterClass()[pri:0, instance:City_GIS_Map.City_GIS@5b67bb7e]" started-at="2022-04-06T17:33:09Z" name="afterClass" finished-at="2022-04-06T17:33:10Z" duration-ms="735" status="PASS">
          <reporter-output>
          </reporter-output>
        </test-method> <!-- afterClass -->
        <test-method is-config="true" signature="openBrowser(org.testng.ITestContext)[pri:0, instance:City_GIS_Map.City_GIS@5b67bb7e]" started-at="2022-04-06T17:33:10Z" name="openBrowser" finished-at="2022-04-06T17:33:12Z" duration-ms="2076" status="PASS">
          <params>
            <param index="0">
              <value>
                <![CDATA[org.testng.TestRunner@79611e12]]>
              </value>
            </param>
          </params>
          <reporter-output>
          </reporter-output>
        </test-method> <!-- openBrowser -->
        <test-method signature="SGL_Ranchi_CITYGIS_145(java.lang.reflect.Method)[pri:0, instance:City_GIS_Map.City_GIS@5b67bb7e]" started-at="2022-04-06T17:33:12Z" name="SGL_Ranchi_CITYGIS_145" description="To verify that user is able to perform collapse/expand functionality of &quot;Ward Information&quot; dialog." finished-at="2022-04-06T17:33:33Z" duration-ms="21004" status="PASS">
          <params>
            <param index="0">
              <value>
                <![CDATA[public void City_GIS_Map.City_GIS.SGL_Ranchi_CITYGIS_145(java.lang.reflect.Method) throws java.lang.InterruptedException]]>
              </value>
            </param>
          </params>
          <reporter-output>
          </reporter-output>
        </test-method> <!-- SGL_Ranchi_CITYGIS_145 -->
        <test-method is-config="true" signature="afterClass()[pri:0, instance:City_GIS_Map.City_GIS@5b67bb7e]" started-at="2022-04-06T17:33:33Z" name="afterClass" finished-at="2022-04-06T17:33:34Z" duration-ms="730" status="PASS">
          <reporter-output>
          </reporter-output>
        </test-method> <!-- afterClass -->
        <test-method is-config="true" signature="openBrowser(org.testng.ITestContext)[pri:0, instance:City_GIS_Map.City_GIS@5b67bb7e]" started-at="2022-04-06T17:33:34Z" name="openBrowser" finished-at="2022-04-06T17:33:36Z" duration-ms="2107" status="PASS">
          <params>
            <param index="0">
              <value>
                <![CDATA[org.testng.TestRunner@79611e12]]>
              </value>
            </param>
          </params>
          <reporter-output>
          </reporter-output>
        </test-method> <!-- openBrowser -->
        <test-method signature="SGL_Ranchi_CITYGIS_146()[pri:0, instance:City_GIS_Map.City_GIS@5b67bb7e]" started-at="2022-04-06T17:33:36Z" name="SGL_Ranchi_CITYGIS_146" description="To verify that user is able to perform close functionality of &quot;Ward Information&quot; dialog." finished-at="2022-04-06T17:33:55Z" duration-ms="18896" status="PASS">
          <reporter-output>
          </reporter-output>
        </test-method> <!-- SGL_Ranchi_CITYGIS_146 -->
        <test-method is-config="true" signature="afterClass()[pri:0, instance:City_GIS_Map.City_GIS@5b67bb7e]" started-at="2022-04-06T17:33:55Z" name="afterClass" finished-at="2022-04-06T17:33:56Z" duration-ms="734" status="PASS">
          <reporter-output>
          </reporter-output>
        </test-method> <!-- afterClass -->
        <test-method is-config="true" signature="openBrowser(org.testng.ITestContext)[pri:0, instance:City_GIS_Map.City_GIS@5b67bb7e]" started-at="2022-04-06T17:33:56Z" name="openBrowser" finished-at="2022-04-06T17:33:58Z" duration-ms="2044" status="PASS">
          <params>
            <param index="0">
              <value>
                <![CDATA[org.testng.TestRunner@79611e12]]>
              </value>
            </param>
          </params>
          <reporter-output>
          </reporter-output>
        </test-method> <!-- openBrowser -->
        <test-method signature="SGL_Ranchi_CITYGIS_147()[pri:0, instance:City_GIS_Map.City_GIS@5b67bb7e]" started-at="2022-04-06T17:33:58Z" name="SGL_Ranchi_CITYGIS_147" description="To verify that user is not able to perform &quot;Ward Information&quot; functionality without selecting the Ward Number." finished-at="2022-04-06T17:34:13Z" duration-ms="14567" status="PASS">
          <reporter-output>
          </reporter-output>
        </test-method> <!-- SGL_Ranchi_CITYGIS_147 -->
        <test-method is-config="true" signature="afterClass()[pri:0, instance:City_GIS_Map.City_GIS@5b67bb7e]" started-at="2022-04-06T17:34:13Z" name="afterClass" finished-at="2022-04-06T17:34:14Z" duration-ms="737" status="PASS">
          <reporter-output>
          </reporter-output>
        </test-method> <!-- afterClass -->
        <test-method is-config="true" signature="openBrowser(org.testng.ITestContext)[pri:0, instance:City_GIS_Map.City_GIS@5b67bb7e]" started-at="2022-04-06T17:34:14Z" name="openBrowser" finished-at="2022-04-06T17:34:16Z" duration-ms="2093" status="PASS">
          <params>
            <param index="0">
              <value>
                <![CDATA[org.testng.TestRunner@79611e12]]>
              </value>
            </param>
          </params>
          <reporter-output>
          </reporter-output>
        </test-method> <!-- openBrowser -->
        <test-method signature="SGL_Ranchi_CITYGIS_148()[pri:0, instance:City_GIS_Map.City_GIS@5b67bb7e]" started-at="2022-04-06T17:34:16Z" name="SGL_Ranchi_CITYGIS_148" description="To verify user get &quot;Find Direction&quot; dialog from &quot;Find Direction&quot; functionality." finished-at="2022-04-06T17:34:28Z" duration-ms="12676" status="PASS">
          <reporter-output>
          </reporter-output>
        </test-method> <!-- SGL_Ranchi_CITYGIS_148 -->
        <test-method is-config="true" signature="afterClass()[pri:0, instance:City_GIS_Map.City_GIS@5b67bb7e]" started-at="2022-04-06T17:34:29Z" name="afterClass" finished-at="2022-04-06T17:34:29Z" duration-ms="736" status="PASS">
          <reporter-output>
          </reporter-output>
        </test-method> <!-- afterClass -->
        <test-method is-config="true" signature="openBrowser(org.testng.ITestContext)[pri:0, instance:City_GIS_Map.City_GIS@5b67bb7e]" started-at="2022-04-06T17:34:29Z" name="openBrowser" finished-at="2022-04-06T17:34:31Z" duration-ms="2066" status="PASS">
          <params>
            <param index="0">
              <value>
                <![CDATA[org.testng.TestRunner@79611e12]]>
              </value>
            </param>
          </params>
          <reporter-output>
          </reporter-output>
        </test-method> <!-- openBrowser -->
        <test-method signature="SGL_Ranchi_CITYGIS_149()[pri:0, instance:City_GIS_Map.City_GIS@5b67bb7e]" started-at="2022-04-06T17:34:31Z" name="SGL_Ranchi_CITYGIS_149" description="To verify that user is able to perform &quot;Find Direction&quot; functionality without using current location button." finished-at="2022-04-06T17:34:55Z" duration-ms="23920" status="FAIL">
          <exception class="org.openqa.selenium.NoSuchElementException">
            <message>
              <![CDATA[no such element: Unable to locate element: {"method":"xpath","selector":"//div/div/div/img[@class="olAlphaImg" and @src="/Commonwidget/ranchi_wd/images/redpin.png"]"}
  (Session info: chrome=99.0.4844.84)
For documentation on this error, please visit: https://www.seleniumhq.org/exceptions/no_such_element.html
Build info: version: '3.141.59', revision: 'e82be7d358', time: '2018-11-14T08:17:03'
System info: host: 'QUASPC1210', ip: '192.168.1.210', os.name: 'Windows 10', os.arch: 'amd64', os.version: '10.0', java.version: '11.0.12'
Driver info: org.openqa.selenium.chrome.ChromeDriver
Capabilities {acceptInsecureCerts: false, browserName: chrome, browserVersion: 99.0.4844.84, chrome: {chromedriverVersion: 99.0.4844.51 (d537ec02474b5..., userDataDir: C:\Users\meet.g\AppData\Loc...}, goog:chromeOptions: {debuggerAddress: localhost:65227}, javascriptEnabled: true, networkConnectionEnabled: false, pageLoadStrategy: normal, platform: WINDOWS, platformName: WINDOWS, proxy: Proxy(), setWindowRect: true, strictFileInteractability: false, timeouts: {implicit: 0, pageLoad: 300000, script: 30000}, unhandledPromptBehavior: dismiss and notify, webauthn:extension:credBlob: true, webauthn:extension:largeBlob: true, webauthn:virtualAuthenticators: true}
Session ID: e8f14c1883ef686f39fbbdf8a878614f
*** Element info: {Using=xpath, value=//div/div/div/img[@class="olAlphaImg" and @src="/Commonwidget/ranchi_wd/images/redpin.png"]}]]>
            </message>
            <full-stacktrace>
              <![CDATA[org.openqa.selenium.NoSuchElementException: no such element: Unable to locate element: {"method":"xpath","selector":"//div/div/div/img[@class="olAlphaImg" and @src="/Commonwidget/ranchi_wd/images/redpin.png"]"}
  (Session info: chrome=99.0.4844.84)
For documentation on this error, please visit: https://www.seleniumhq.org/exceptions/no_such_element.html
Build info: version: '3.141.59', revision: 'e82be7d358', time: '2018-11-14T08:17:03'
System info: host: 'QUASPC1210', ip: '192.168.1.210', os.name: 'Windows 10', os.arch: 'amd64', os.version: '10.0', java.version: '11.0.12'
Driver info: org.openqa.selenium.chrome.ChromeDriver
Capabilities {acceptInsecureCerts: false, browserName: chrome, browserVersion: 99.0.4844.84, chrome: {chromedriverVersion: 99.0.4844.51 (d537ec02474b5..., userDataDir: C:\Users\meet.g\AppData\Loc...}, goog:chromeOptions: {debuggerAddress: localhost:65227}, javascriptEnabled: true, networkConnectionEnabled: false, pageLoadStrategy: normal, platform: WINDOWS, platformName: WINDOWS, proxy: Proxy(), setWindowRect: true, strictFileInteractability: false, timeouts: {implicit: 0, pageLoad: 300000, script: 30000}, unhandledPromptBehavior: dismiss and notify, webauthn:extension:credBlob: true, webauthn:extension:largeBlob: true, webauthn:virtualAuthenticators: true}
Session ID: e8f14c1883ef686f39fbbdf8a878614f
*** Element info: {Using=xpath, value=//div/div/div/img[@class="olAlphaImg" and @src="/Commonwidget/ranchi_wd/images/redpin.png"]}
	at java.base/jdk.internal.reflect.NativeConstructorAccessorImpl.newInstance0(Native Method)
	at java.base/jdk.internal.reflect.NativeConstructorAccessorImpl.newInstance(NativeConstructorAccessorImpl.java:62)
	at java.base/jdk.internal.reflect.DelegatingConstructorAccessorImpl.newInstance(DelegatingConstructorAccessorImpl.java:45)
	at java.base/java.lang.reflect.Constructor.newInstance(Constructor.java:490)
	at org.openqa.selenium.remote.http.W3CHttpResponseCodec.createException(W3CHttpResponseCodec.java:187)
	at org.openqa.selenium.remote.http.W3CHttpResponseCodec.decode(W3CHttpResponseCodec.java:122)
	at org.openqa.selenium.remote.http.W3CHttpResponseCodec.decode(W3CHttpResponseCodec.java:49)
	at org.openqa.selenium.remote.HttpCommandExecutor.execute(HttpCommandExecutor.java:158)
	at org.openqa.selenium.remote.service.DriverCommandExecutor.execute(DriverCommandExecutor.java:83)
	at org.openqa.selenium.remote.RemoteWebDriver.execute(RemoteWebDriver.java:552)
	at org.openqa.selenium.remote.RemoteWebDriver.findElement(RemoteWebDriver.java:323)
	at org.openqa.selenium.remote.RemoteWebDriver.findElementByXPath(RemoteWebDriver.java:428)
	at org.openqa.selenium.By$ByXPath.findElement(By.java:353)
	at org.openqa.selenium.remote.RemoteWebDriver.findElement(RemoteWebDriver.java:315)
	at City_GIS_Map.City_GIS.SGL_Ranchi_CITYGIS_149(City_GIS.java:4281)
	at java.base/jdk.internal.reflect.NativeMethodAccessorImpl.invoke0(Native Method)
	at java.base/jdk.internal.reflect.NativeMethodAccessorImpl.invoke(NativeMethodAccessorImpl.java:62)
	at java.base/jdk.internal.reflect.DelegatingMethodAccessorImpl.invoke(DelegatingMethodAccessorImpl.java:43)
	at java.base/java.lang.reflect.Method.invoke(Method.java:566)
	at org.testng.internal.MethodInvocationHelper.invokeMethod(MethodInvocationHelper.java:80)
	at org.testng.internal.Invoker.invokeMethod(Invoker.java:714)
	at org.testng.internal.Invoker.invokeTestMethod(Invoker.java:901)
	at org.testng.internal.Invoker.invokeTestMethods(Invoker.java:1231)
	at org.testng.internal.TestMethodWorker.invokeTestMethods(TestMethodWorker.java:127)
	at org.testng.internal.TestMethodWorker.run(TestMethodWorker.java:111)
	at org.testng.TestRunner.privateRun(TestRunner.java:767)
	at org.testng.TestRunner.run(TestRunner.java:617)
	at org.testng.SuiteRunner.runTest(SuiteRunner.java:334)
	at org.testng.SuiteRunner.runSequentially(SuiteRunner.java:329)
	at org.testng.SuiteRunner.privateRun(SuiteRunner.java:291)
	at org.testng.SuiteRunner.run(SuiteRunner.java:240)
	at org.testng.SuiteRunnerWorker.runSuite(SuiteRunnerWorker.java:52)
	at org.testng.SuiteRunnerWorker.run(SuiteRunnerWorker.java:86)
	at org.testng.TestNG.runSuitesSequentially(TestNG.java:1198)
	at org.testng.TestNG.runSuitesLocally(TestNG.java:1123)
	at org.testng.TestNG.run(TestNG.java:1031)
	at org.testng.remote.AbstractRemoteTestNG.run(AbstractRemoteTestNG.java:115)
	at org.testng.remote.RemoteTestNG.initAndRun(RemoteTestNG.java:251)
	at org.testng.remote.RemoteTestNG.main(RemoteTestNG.java:77)
]]>
            </full-stacktrace>
          </exception> <!-- org.openqa.selenium.NoSuchElementException -->
          <reporter-output>
          </reporter-output>
        </test-method> <!-- SGL_Ranchi_CITYGIS_149 -->
        <test-method is-config="true" signature="afterClass()[pri:0, instance:City_GIS_Map.City_GIS@5b67bb7e]" started-at="2022-04-06T17:34:56Z" name="afterClass" finished-at="2022-04-06T17:34:56Z" duration-ms="733" status="PASS">
          <reporter-output>
          </reporter-output>
        </test-method> <!-- afterClass -->
      </class> <!-- City_GIS_Map.City_GIS -->
    </test> <!-- Test -->
  </suite> <!-- Suite -->
</testng-results>
